Virtual User Script started at : 10/7/2016 12:46:39 PM	[MsgId: MMSG-15967]
Virtual User Script started at : 10/7/2016 12:46:39 PM	[MsgId: MMSG-15967]
Starting action vuser_init.	[MsgId: MMSG-15919]
Starting action vuser_init.	[MsgId: MMSG-15919]
Web Turbo Replay of LoadRunner 12.53.0 for Windows 7; build 1541 (Oct 07 2016 21:01:53)  	[MsgId: MMSG-26983]
Web Turbo Replay of LoadRunner 12.53.0 for Windows 7; build 1541 (Oct 07 2016 21:01:53)  	[MsgId: MMSG-26983]
Run mode: HTML  	[MsgId: MMSG-26993]
Run mode: HTML  	[MsgId: MMSG-26993]
Replay user agent: Mozilla/5.0 (compatible; MSIE 10.0; Windows NT 6.1; Trident/6.0)  	[MsgId: MMSG-26988]
Replay user agent: Mozilla/5.0 (compatible; MSIE 10.0; Windows NT 6.1; Trident/6.0)  	[MsgId: MMSG-26988]
Run-Time Settings file: "C:\Users\x079106\AppData\Local\Temp\lr5tmpdirD53.328\lrcfgXg7.329\cfgu23.333"  	[MsgId: MMSG-27141]
Run-Time Settings file: "C:\Users\x079106\AppData\Local\Temp\lr5tmpdirD53.328\lrcfgXg7.329\cfgu23.333"  	[MsgId: MMSG-27141]
Ending action vuser_init.	[MsgId: MMSG-15918]
Ending action vuser_init.	[MsgId: MMSG-15918]
Running Vuser...	[MsgId: MMSG-15964]
Running Vuser...	[MsgId: MMSG-15964]
Starting iteration 1.	[MsgId: MMSG-15968]
Starting iteration 1.	[MsgId: MMSG-15968]
Maximum number of concurrent connections per server: 6  	[MsgId: MMSG-26989]
Maximum number of concurrent connections per server: 6  	[MsgId: MMSG-26989]
Starting action Pass.	[MsgId: MMSG-15919]
Starting action Pass.	[MsgId: MMSG-15919]
Pass.c(3): Notify: Parameter Substitution: parameter "rndTrans" =  "02"	[MsgId: MMSG-13992]
Pass.c(3): Notify: Parameter Substitution: parameter "rndTrans" =  "07"	[MsgId: MMSG-13992]
Pass.c(3): Notify: Transaction "Trans02" started.	[MsgId: MMSG-16999]
Pass.c(3): Notify: Transaction "Trans07" started.	[MsgId: MMSG-16999]
Pass.c(4): lr_think_time: 1.75 seconds (recorded think time was 2.00 seconds).	[MsgId: MMSG-15947]
Pass.c(4): lr_think_time: 2.62 seconds (recorded think time was 2.00 seconds).	[MsgId: MMSG-15947]
Pass.c(5): Notify: Parameter Substitution: parameter "rndTrans" =  "02"	[MsgId: MMSG-13992]
Pass.c(5): Notify: Transaction "Trans02" ended with a "Pass" status (Duration: 1.7507 Think Time: 1.7504).	[MsgId: MMSG-16872]
Pass.c(7): lr_think_time: 2.71 seconds (recorded think time was 2.00 seconds).	[MsgId: MMSG-15947]
Pass.c(5): Notify: Parameter Substitution: parameter "rndTrans" =  "07"	[MsgId: MMSG-13992]
Pass.c(5): Notify: Transaction "Trans07" ended with a "Pass" status (Duration: 2.6217 Think Time: 2.6215).	[MsgId: MMSG-16872]
Pass.c(7): lr_think_time: 2.54 seconds (recorded think time was 2.00 seconds).	[MsgId: MMSG-15947]
Ending action Pass.	[MsgId: MMSG-15918]
Starting action Fail.	[MsgId: MMSG-15919]
Fail.c(3): Notify: Parameter Substitution: parameter "rndTrans" =  "02"	[MsgId: MMSG-13992]
Fail.c(3): Notify: Transaction "Trans02" started.	[MsgId: MMSG-16999]
Fail.c(4): lr_think_time: 1.52 seconds (recorded think time was 2.00 seconds).	[MsgId: MMSG-15947]
Ending action Pass.	[MsgId: MMSG-15918]
Starting action Fail.	[MsgId: MMSG-15919]
Fail.c(3): Notify: Parameter Substitution: parameter "rndTrans" =  "07"	[MsgId: MMSG-13992]
Fail.c(3): Notify: Transaction "Trans07" started.	[MsgId: MMSG-16999]
Fail.c(4): lr_think_time: 1.05 seconds (recorded think time was 2.00 seconds).	[MsgId: MMSG-15947]
Fail.c(5): Notify: Parameter Substitution: parameter "rndTrans" =  "02"	[MsgId: MMSG-13992]
Fail.c(5): Notify: Transaction "Trans02" ended with a "Fail" status (Duration: 1.5227 Think Time: 1.5225).	[MsgId: MMSG-16872]
Fail.c(5): Notify: Transaction "Trans02" has 0 error message(s).	[MsgId: MMSG-16818]
Fail.c(7): lr_think_time: 2.15 seconds (recorded think time was 2.00 seconds).	[MsgId: MMSG-15947]
Fail.c(5): Notify: Parameter Substitution: parameter "rndTrans" =  "07"	[MsgId: MMSG-13992]
Fail.c(5): Notify: Transaction "Trans07" ended with a "Fail" status (Duration: 1.0488 Think Time: 1.0485).	[MsgId: MMSG-16872]
Fail.c(5): Notify: Transaction "Trans07" has 0 error message(s).	[MsgId: MMSG-16818]
Fail.c(7): lr_think_time: 1.48 seconds (recorded think time was 2.00 seconds).	[MsgId: MMSG-15947]
Ending action Fail.	[MsgId: MMSG-15918]
Ending iteration 1.	[MsgId: MMSG-15965]
Starting iteration 2.	[MsgId: MMSG-15968]
Starting action Pass.	[MsgId: MMSG-15919]
Pass.c(3): Notify: Parameter Substitution: parameter "rndTrans" =  "05"	[MsgId: MMSG-13992]
Pass.c(3): Notify: Transaction "Trans05" started.	[MsgId: MMSG-16999]
Pass.c(4): lr_think_time: 1.79 seconds (recorded think time was 2.00 seconds).	[MsgId: MMSG-15947]
Ending action Fail.	[MsgId: MMSG-15918]
Ending iteration 1.	[MsgId: MMSG-15965]
Starting iteration 2.	[MsgId: MMSG-15968]
Starting action Pass.	[MsgId: MMSG-15919]
Pass.c(3): Notify: Parameter Substitution: parameter "rndTrans" =  "09"	[MsgId: MMSG-13992]
Pass.c(3): Notify: Transaction "Trans09" started.	[MsgId: MMSG-16999]
Pass.c(4): lr_think_time: 2.61 seconds (recorded think time was 2.00 seconds).	[MsgId: MMSG-15947]
Pass.c(5): Notify: Parameter Substitution: parameter "rndTrans" =  "05"	[MsgId: MMSG-13992]
Pass.c(5): Notify: Transaction "Trans05" ended with a "Pass" status (Duration: 1.7901 Think Time: 1.7898).	[MsgId: MMSG-16872]
Pass.c(7): lr_think_time: 1.37 seconds (recorded think time was 2.00 seconds).	[MsgId: MMSG-15947]
Pass.c(5): Notify: Parameter Substitution: parameter "rndTrans" =  "09"	[MsgId: MMSG-13992]
Pass.c(5): Notify: Transaction "Trans09" ended with a "Pass" status (Duration: 2.6075 Think Time: 2.6072).	[MsgId: MMSG-16872]
Pass.c(7): lr_think_time: 1.92 seconds (recorded think time was 2.00 seconds).	[MsgId: MMSG-15947]
Ending action Pass.	[MsgId: MMSG-15918]
Starting action Fail.	[MsgId: MMSG-15919]
Fail.c(3): Notify: Parameter Substitution: parameter "rndTrans" =  "05"	[MsgId: MMSG-13992]
Fail.c(3): Notify: Transaction "Trans05" started.	[MsgId: MMSG-16999]
Fail.c(4): lr_think_time: 2.26 seconds (recorded think time was 2.00 seconds).	[MsgId: MMSG-15947]
Ending action Pass.	[MsgId: MMSG-15918]
Starting action Fail.	[MsgId: MMSG-15919]
Fail.c(3): Notify: Parameter Substitution: parameter "rndTrans" =  "09"	[MsgId: MMSG-13992]
Fail.c(3): Notify: Transaction "Trans09" started.	[MsgId: MMSG-16999]
Fail.c(4): lr_think_time: 1.55 seconds (recorded think time was 2.00 seconds).	[MsgId: MMSG-15947]
Fail.c(5): Notify: Parameter Substitution: parameter "rndTrans" =  "05"	[MsgId: MMSG-13992]
Fail.c(5): Notify: Transaction "Trans05" ended with a "Fail" status (Duration: 2.2599 Think Time: 2.2596).	[MsgId: MMSG-16872]
Fail.c(5): Notify: Transaction "Trans05" has 0 error message(s).	[MsgId: MMSG-16818]
Fail.c(7): lr_think_time: 2.44 seconds (recorded think time was 2.00 seconds).	[MsgId: MMSG-15947]
Fail.c(5): Notify: Parameter Substitution: parameter "rndTrans" =  "09"	[MsgId: MMSG-13992]
Fail.c(5): Notify: Transaction "Trans09" ended with a "Fail" status (Duration: 1.5539 Think Time: 1.5536).	[MsgId: MMSG-16872]
Fail.c(5): Notify: Transaction "Trans09" has 0 error message(s).	[MsgId: MMSG-16818]
Fail.c(7): lr_think_time: 1.54 seconds (recorded think time was 2.00 seconds).	[MsgId: MMSG-15947]
Ending action Fail.	[MsgId: MMSG-15918]
Ending iteration 2.	[MsgId: MMSG-15965]
Starting iteration 3.	[MsgId: MMSG-15968]
Starting action Pass.	[MsgId: MMSG-15919]
Pass.c(3): Notify: Parameter Substitution: parameter "rndTrans" =  "02"	[MsgId: MMSG-13992]
Pass.c(3): Notify: Transaction "Trans02" started.	[MsgId: MMSG-16999]
Pass.c(4): lr_think_time: 2.12 seconds (recorded think time was 2.00 seconds).	[MsgId: MMSG-15947]
Ending action Fail.	[MsgId: MMSG-15918]
Ending iteration 2.	[MsgId: MMSG-15965]
Starting iteration 3.	[MsgId: MMSG-15968]
Starting action Pass.	[MsgId: MMSG-15919]
Pass.c(3): Notify: Parameter Substitution: parameter "rndTrans" =  "07"	[MsgId: MMSG-13992]
Pass.c(3): Notify: Transaction "Trans07" started.	[MsgId: MMSG-16999]
Pass.c(4): lr_think_time: 2.38 seconds (recorded think time was 2.00 seconds).	[MsgId: MMSG-15947]
Pass.c(5): Notify: Parameter Substitution: parameter "rndTrans" =  "02"	[MsgId: MMSG-13992]
Pass.c(5): Notify: Transaction "Trans02" ended with a "Pass" status (Duration: 2.1227 Think Time: 2.1223).	[MsgId: MMSG-16872]
Pass.c(7): lr_think_time: 2.08 seconds (recorded think time was 2.00 seconds).	[MsgId: MMSG-15947]
Pass.c(5): Notify: Parameter Substitution: parameter "rndTrans" =  "07"	[MsgId: MMSG-13992]
Pass.c(5): Notify: Transaction "Trans07" ended with a "Pass" status (Duration: 2.3808 Think Time: 2.3803).	[MsgId: MMSG-16872]
Pass.c(7): lr_think_time: 1.58 seconds (recorded think time was 2.00 seconds).	[MsgId: MMSG-15947]
Ending action Pass.	[MsgId: MMSG-15918]
Starting action Fail.	[MsgId: MMSG-15919]
Fail.c(3): Notify: Parameter Substitution: parameter "rndTrans" =  "07"	[MsgId: MMSG-13992]
Fail.c(3): Notify: Transaction "Trans07" started.	[MsgId: MMSG-16999]
Fail.c(4): lr_think_time: 1.47 seconds (recorded think time was 2.00 seconds).	[MsgId: MMSG-15947]
Ending action Pass.	[MsgId: MMSG-15918]
Starting action Fail.	[MsgId: MMSG-15919]
Fail.c(3): Notify: Parameter Substitution: parameter "rndTrans" =  "02"	[MsgId: MMSG-13992]
Fail.c(3): Notify: Transaction "Trans02" started.	[MsgId: MMSG-16999]
Fail.c(4): lr_think_time: 1.81 seconds (recorded think time was 2.00 seconds).	[MsgId: MMSG-15947]
Fail.c(5): Notify: Parameter Substitution: parameter "rndTrans" =  "07"	[MsgId: MMSG-13992]
Fail.c(5): Notify: Transaction "Trans07" ended with a "Fail" status (Duration: 1.4738 Think Time: 1.4735).	[MsgId: MMSG-16872]
Fail.c(5): Notify: Transaction "Trans07" has 0 error message(s).	[MsgId: MMSG-16818]
Fail.c(7): lr_think_time: 2.13 seconds (recorded think time was 2.00 seconds).	[MsgId: MMSG-15947]
Fail.c(5): Notify: Parameter Substitution: parameter "rndTrans" =  "02"	[MsgId: MMSG-13992]
Fail.c(5): Notify: Transaction "Trans02" ended with a "Fail" status (Duration: 1.8069 Think Time: 1.8066).	[MsgId: MMSG-16872]
Fail.c(5): Notify: Transaction "Trans02" has 0 error message(s).	[MsgId: MMSG-16818]
Fail.c(7): lr_think_time: 2.03 seconds (recorded think time was 2.00 seconds).	[MsgId: MMSG-15947]
Ending action Fail.	[MsgId: MMSG-15918]
Ending iteration 3.	[MsgId: MMSG-15965]
Starting iteration 4.	[MsgId: MMSG-15968]
Starting action Pass.	[MsgId: MMSG-15919]
Pass.c(3): Notify: Parameter Substitution: parameter "rndTrans" =  "01"	[MsgId: MMSG-13992]
Pass.c(3): Notify: Transaction "Trans01" started.	[MsgId: MMSG-16999]
Pass.c(4): lr_think_time: 1.65 seconds (recorded think time was 2.00 seconds).	[MsgId: MMSG-15947]
Ending action Fail.	[MsgId: MMSG-15918]
Ending iteration 3.	[MsgId: MMSG-15965]
Starting iteration 4.	[MsgId: MMSG-15968]
Starting action Pass.	[MsgId: MMSG-15919]
Pass.c(3): Notify: Parameter Substitution: parameter "rndTrans" =  "07"	[MsgId: MMSG-13992]
Pass.c(3): Notify: Transaction "Trans07" started.	[MsgId: MMSG-16999]
Pass.c(4): lr_think_time: 2.05 seconds (recorded think time was 2.00 seconds).	[MsgId: MMSG-15947]
Pass.c(5): Notify: Parameter Substitution: parameter "rndTrans" =  "01"	[MsgId: MMSG-13992]
Pass.c(5): Notify: Transaction "Trans01" ended with a "Pass" status (Duration: 1.6476 Think Time: 1.6473).	[MsgId: MMSG-16872]
Pass.c(7): lr_think_time: 1.57 seconds (recorded think time was 2.00 seconds).	[MsgId: MMSG-15947]
Pass.c(5): Notify: Parameter Substitution: parameter "rndTrans" =  "07"	[MsgId: MMSG-13992]
Pass.c(5): Notify: Transaction "Trans07" ended with a "Pass" status (Duration: 2.0446 Think Time: 2.0443).	[MsgId: MMSG-16872]
Pass.c(7): lr_think_time: 2.10 seconds (recorded think time was 2.00 seconds).	[MsgId: MMSG-15947]
Ending action Pass.	[MsgId: MMSG-15918]
Starting action Fail.	[MsgId: MMSG-15919]
Fail.c(3): Notify: Parameter Substitution: parameter "rndTrans" =  "01"	[MsgId: MMSG-13992]
Fail.c(3): Notify: Transaction "Trans01" started.	[MsgId: MMSG-16999]
Fail.c(4): lr_think_time: 1.51 seconds (recorded think time was 2.00 seconds).	[MsgId: MMSG-15947]
Ending action Pass.	[MsgId: MMSG-15918]
Starting action Fail.	[MsgId: MMSG-15919]
Fail.c(3): Notify: Parameter Substitution: parameter "rndTrans" =  "07"	[MsgId: MMSG-13992]
Fail.c(3): Notify: Transaction "Trans07" started.	[MsgId: MMSG-16999]
Fail.c(4): lr_think_time: 2.95 seconds (recorded think time was 2.00 seconds).	[MsgId: MMSG-15947]
Fail.c(5): Notify: Parameter Substitution: parameter "rndTrans" =  "01"	[MsgId: MMSG-13992]
Fail.c(5): Notify: Transaction "Trans01" ended with a "Fail" status (Duration: 1.5099 Think Time: 1.5095).	[MsgId: MMSG-16872]
Fail.c(5): Notify: Transaction "Trans01" has 0 error message(s).	[MsgId: MMSG-16818]
Fail.c(7): lr_think_time: 1.38 seconds (recorded think time was 2.00 seconds).	[MsgId: MMSG-15947]
Ending action Fail.	[MsgId: MMSG-15918]
Ending iteration 4.	[MsgId: MMSG-15965]
Starting iteration 5.	[MsgId: MMSG-15968]
Starting action Pass.	[MsgId: MMSG-15919]
Pass.c(3): Notify: Parameter Substitution: parameter "rndTrans" =  "06"	[MsgId: MMSG-13992]
Pass.c(3): Notify: Transaction "Trans06" started.	[MsgId: MMSG-16999]
Pass.c(4): lr_think_time: 2.15 seconds (recorded think time was 2.00 seconds).	[MsgId: MMSG-15947]
Fail.c(5): Notify: Parameter Substitution: parameter "rndTrans" =  "07"	[MsgId: MMSG-13992]
Fail.c(5): Notify: Transaction "Trans07" ended with a "Fail" status (Duration: 2.9468 Think Time: 2.9465).	[MsgId: MMSG-16872]
Fail.c(5): Notify: Transaction "Trans07" has 0 error message(s).	[MsgId: MMSG-16818]
Fail.c(7): lr_think_time: 1.61 seconds (recorded think time was 2.00 seconds).	[MsgId: MMSG-15947]
Pass.c(5): Notify: Parameter Substitution: parameter "rndTrans" =  "06"	[MsgId: MMSG-13992]
Pass.c(5): Notify: Transaction "Trans06" ended with a "Pass" status (Duration: 2.1465 Think Time: 2.1462).	[MsgId: MMSG-16872]
Pass.c(7): lr_think_time: 1.07 seconds (recorded think time was 2.00 seconds).	[MsgId: MMSG-15947]
Ending action Fail.	[MsgId: MMSG-15918]
Ending iteration 4.	[MsgId: MMSG-15965]
Starting iteration 5.	[MsgId: MMSG-15968]
Starting action Pass.	[MsgId: MMSG-15919]
Pass.c(3): Notify: Parameter Substitution: parameter "rndTrans" =  "01"	[MsgId: MMSG-13992]
Pass.c(3): Notify: Transaction "Trans01" started.	[MsgId: MMSG-16999]
Pass.c(4): lr_think_time: 2.49 seconds (recorded think time was 2.00 seconds).	[MsgId: MMSG-15947]
Ending action Pass.	[MsgId: MMSG-15918]
Starting action Fail.	[MsgId: MMSG-15919]
Fail.c(3): Notify: Parameter Substitution: parameter "rndTrans" =  "06"	[MsgId: MMSG-13992]
Fail.c(3): Notify: Transaction "Trans06" started.	[MsgId: MMSG-16999]
Fail.c(4): lr_think_time: 1.77 seconds (recorded think time was 2.00 seconds).	[MsgId: MMSG-15947]
Fail.c(5): Notify: Parameter Substitution: parameter "rndTrans" =  "06"	[MsgId: MMSG-13992]
Fail.c(5): Notify: Transaction "Trans06" ended with a "Fail" status (Duration: 1.7689 Think Time: 1.7688).	[MsgId: MMSG-16872]
Fail.c(5): Notify: Transaction "Trans06" has 0 error message(s).	[MsgId: MMSG-16818]
Fail.c(7): lr_think_time: 1.47 seconds (recorded think time was 2.00 seconds).	[MsgId: MMSG-15947]
Pass.c(5): Notify: Parameter Substitution: parameter "rndTrans" =  "01"	[MsgId: MMSG-13992]
Pass.c(5): Notify: Transaction "Trans01" ended with a "Pass" status (Duration: 2.4906 Think Time: 2.4903).	[MsgId: MMSG-16872]
Pass.c(7): lr_think_time: 1.23 seconds (recorded think time was 2.00 seconds).	[MsgId: MMSG-15947]
Ending action Fail.	[MsgId: MMSG-15918]
Ending iteration 5.	[MsgId: MMSG-15965]
Starting iteration 6.	[MsgId: MMSG-15968]
Starting action Pass.	[MsgId: MMSG-15919]
Pass.c(3): Notify: Parameter Substitution: parameter "rndTrans" =  "04"	[MsgId: MMSG-13992]
Pass.c(3): Notify: Transaction "Trans04" started.	[MsgId: MMSG-16999]
Pass.c(4): lr_think_time: 1.94 seconds (recorded think time was 2.00 seconds).	[MsgId: MMSG-15947]
Ending action Pass.	[MsgId: MMSG-15918]
Starting action Fail.	[MsgId: MMSG-15919]
Fail.c(3): Notify: Parameter Substitution: parameter "rndTrans" =  "01"	[MsgId: MMSG-13992]
Fail.c(3): Notify: Transaction "Trans01" started.	[MsgId: MMSG-16999]
Fail.c(4): lr_think_time: 1.52 seconds (recorded think time was 2.00 seconds).	[MsgId: MMSG-15947]
Fail.c(5): Notify: Parameter Substitution: parameter "rndTrans" =  "01"	[MsgId: MMSG-13992]
Fail.c(5): Notify: Transaction "Trans01" ended with a "Fail" status (Duration: 1.5168 Think Time: 1.5165).	[MsgId: MMSG-16872]
Fail.c(5): Notify: Transaction "Trans01" has 0 error message(s).	[MsgId: MMSG-16818]
Fail.c(7): lr_think_time: 1.34 seconds (recorded think time was 2.00 seconds).	[MsgId: MMSG-15947]
Pass.c(5): Notify: Parameter Substitution: parameter "rndTrans" =  "04"	[MsgId: MMSG-13992]
Pass.c(5): Notify: Transaction "Trans04" ended with a "Pass" status (Duration: 1.9384 Think Time: 1.9381).	[MsgId: MMSG-16872]
Pass.c(7): lr_think_time: 2.80 seconds (recorded think time was 2.00 seconds).	[MsgId: MMSG-15947]
Ending action Fail.	[MsgId: MMSG-15918]
Ending iteration 5.	[MsgId: MMSG-15965]
Starting iteration 6.	[MsgId: MMSG-15968]
Starting action Pass.	[MsgId: MMSG-15919]
Pass.c(3): Notify: Parameter Substitution: parameter "rndTrans" =  "04"	[MsgId: MMSG-13992]
Pass.c(3): Notify: Transaction "Trans04" started.	[MsgId: MMSG-16999]
Pass.c(4): lr_think_time: 2.20 seconds (recorded think time was 2.00 seconds).	[MsgId: MMSG-15947]
Ending action Pass.	[MsgId: MMSG-15918]
Starting action Fail.	[MsgId: MMSG-15919]
Fail.c(3): Notify: Parameter Substitution: parameter "rndTrans" =  "04"	[MsgId: MMSG-13992]
Fail.c(3): Notify: Transaction "Trans04" started.	[MsgId: MMSG-16999]
Fail.c(4): lr_think_time: 1.37 seconds (recorded think time was 2.00 seconds).	[MsgId: MMSG-15947]
Pass.c(5): Notify: Parameter Substitution: parameter "rndTrans" =  "04"	[MsgId: MMSG-13992]
Pass.c(5): Notify: Transaction "Trans04" ended with a "Pass" status (Duration: 2.2013 Think Time: 2.2011).	[MsgId: MMSG-16872]
Pass.c(7): lr_think_time: 1.22 seconds (recorded think time was 2.00 seconds).	[MsgId: MMSG-15947]
Fail.c(5): Notify: Parameter Substitution: parameter "rndTrans" =  "04"	[MsgId: MMSG-13992]
Fail.c(5): Notify: Transaction "Trans04" ended with a "Fail" status (Duration: 1.3710 Think Time: 1.3707).	[MsgId: MMSG-16872]
Fail.c(5): Notify: Transaction "Trans04" has 0 error message(s).	[MsgId: MMSG-16818]
Fail.c(7): lr_think_time: 2.96 seconds (recorded think time was 2.00 seconds).	[MsgId: MMSG-15947]
Ending action Pass.	[MsgId: MMSG-15918]
Starting action Fail.	[MsgId: MMSG-15919]
Fail.c(3): Notify: Parameter Substitution: parameter "rndTrans" =  "04"	[MsgId: MMSG-13992]
Fail.c(3): Notify: Transaction "Trans04" started.	[MsgId: MMSG-16999]
Fail.c(4): lr_think_time: 1.52 seconds (recorded think time was 2.00 seconds).	[MsgId: MMSG-15947]
Fail.c(5): Notify: Parameter Substitution: parameter "rndTrans" =  "04"	[MsgId: MMSG-13992]
Fail.c(5): Notify: Transaction "Trans04" ended with a "Fail" status (Duration: 1.5191 Think Time: 1.5188).	[MsgId: MMSG-16872]
Fail.c(5): Notify: Transaction "Trans04" has 0 error message(s).	[MsgId: MMSG-16818]
Fail.c(7): lr_think_time: 2.19 seconds (recorded think time was 2.00 seconds).	[MsgId: MMSG-15947]
Ending action Fail.	[MsgId: MMSG-15918]
Ending iteration 6.	[MsgId: MMSG-15965]
Starting iteration 7.	[MsgId: MMSG-15968]
Starting action Pass.	[MsgId: MMSG-15919]
Pass.c(3): Notify: Parameter Substitution: parameter "rndTrans" =  "09"	[MsgId: MMSG-13992]
Pass.c(3): Notify: Transaction "Trans09" started.	[MsgId: MMSG-16999]
Pass.c(4): lr_think_time: 2.15 seconds (recorded think time was 2.00 seconds).	[MsgId: MMSG-15947]
Ending action Fail.	[MsgId: MMSG-15918]
Ending iteration 6.	[MsgId: MMSG-15965]
Starting iteration 7.	[MsgId: MMSG-15968]
Starting action Pass.	[MsgId: MMSG-15919]
Pass.c(3): Notify: Parameter Substitution: parameter "rndTrans" =  "04"	[MsgId: MMSG-13992]
Pass.c(3): Notify: Transaction "Trans04" started.	[MsgId: MMSG-16999]
Pass.c(4): lr_think_time: 1.55 seconds (recorded think time was 2.00 seconds).	[MsgId: MMSG-15947]
Pass.c(5): Notify: Parameter Substitution: parameter "rndTrans" =  "09"	[MsgId: MMSG-13992]
Pass.c(5): Notify: Transaction "Trans09" ended with a "Pass" status (Duration: 2.1495 Think Time: 2.1491).	[MsgId: MMSG-16872]
Pass.c(7): lr_think_time: 2.99 seconds (recorded think time was 2.00 seconds).	[MsgId: MMSG-15947]
Pass.c(5): Notify: Parameter Substitution: parameter "rndTrans" =  "04"	[MsgId: MMSG-13992]
Pass.c(5): Notify: Transaction "Trans04" ended with a "Pass" status (Duration: 1.5539 Think Time: 1.5536).	[MsgId: MMSG-16872]
Pass.c(7): lr_think_time: 2.13 seconds (recorded think time was 2.00 seconds).	[MsgId: MMSG-15947]
Ending action Pass.	[MsgId: MMSG-15918]
Starting action Fail.	[MsgId: MMSG-15919]
Fail.c(3): Notify: Parameter Substitution: parameter "rndTrans" =  "04"	[MsgId: MMSG-13992]
Fail.c(3): Notify: Transaction "Trans04" started.	[MsgId: MMSG-16999]
Fail.c(4): lr_think_time: 2.14 seconds (recorded think time was 2.00 seconds).	[MsgId: MMSG-15947]
Ending action Pass.	[MsgId: MMSG-15918]
Starting action Fail.	[MsgId: MMSG-15919]
Fail.c(3): Notify: Parameter Substitution: parameter "rndTrans" =  "09"	[MsgId: MMSG-13992]
Fail.c(3): Notify: Transaction "Trans09" started.	[MsgId: MMSG-16999]
Fail.c(4): lr_think_time: 2.77 seconds (recorded think time was 2.00 seconds).	[MsgId: MMSG-15947]
Fail.c(5): Notify: Parameter Substitution: parameter "rndTrans" =  "04"	[MsgId: MMSG-13992]
Fail.c(5): Notify: Transaction "Trans04" ended with a "Fail" status (Duration: 2.1427 Think Time: 2.1425).	[MsgId: MMSG-16872]
Fail.c(5): Notify: Transaction "Trans04" has 0 error message(s).	[MsgId: MMSG-16818]
Fail.c(7): lr_think_time: 1.36 seconds (recorded think time was 2.00 seconds).	[MsgId: MMSG-15947]
Fail.c(5): Notify: Parameter Substitution: parameter "rndTrans" =  "09"	[MsgId: MMSG-13992]
Fail.c(5): Notify: Transaction "Trans09" ended with a "Fail" status (Duration: 2.7719 Think Time: 2.7716).	[MsgId: MMSG-16872]
Fail.c(5): Notify: Transaction "Trans09" has 0 error message(s).	[MsgId: MMSG-16818]
Fail.c(7): lr_think_time: 1.02 seconds (recorded think time was 2.00 seconds).	[MsgId: MMSG-15947]
Ending action Fail.	[MsgId: MMSG-15918]
Ending iteration 7.	[MsgId: MMSG-15965]
Starting iteration 8.	[MsgId: MMSG-15968]
Starting action Pass.	[MsgId: MMSG-15919]
Pass.c(3): Notify: Parameter Substitution: parameter "rndTrans" =  "08"	[MsgId: MMSG-13992]
Pass.c(3): Notify: Transaction "Trans08" started.	[MsgId: MMSG-16999]
Pass.c(4): lr_think_time: 2.25 seconds (recorded think time was 2.00 seconds).	[MsgId: MMSG-15947]
Ending action Fail.	[MsgId: MMSG-15918]
Ending iteration 7.	[MsgId: MMSG-15965]
Starting iteration 8.	[MsgId: MMSG-15968]
Starting action Pass.	[MsgId: MMSG-15919]
Pass.c(3): Notify: Parameter Substitution: parameter "rndTrans" =  "09"	[MsgId: MMSG-13992]
Pass.c(3): Notify: Transaction "Trans09" started.	[MsgId: MMSG-16999]
Pass.c(4): lr_think_time: 1.51 seconds (recorded think time was 2.00 seconds).	[MsgId: MMSG-15947]
Pass.c(5): Notify: Parameter Substitution: parameter "rndTrans" =  "09"	[MsgId: MMSG-13992]
Pass.c(5): Notify: Transaction "Trans09" ended with a "Pass" status (Duration: 1.5136 Think Time: 1.5133).	[MsgId: MMSG-16872]
Pass.c(7): lr_think_time: 1.79 seconds (recorded think time was 2.00 seconds).	[MsgId: MMSG-15947]
Pass.c(5): Notify: Parameter Substitution: parameter "rndTrans" =  "08"	[MsgId: MMSG-13992]
Pass.c(5): Notify: Transaction "Trans08" ended with a "Pass" status (Duration: 2.2465 Think Time: 2.2463).	[MsgId: MMSG-16872]
Pass.c(7): lr_think_time: 2.01 seconds (recorded think time was 2.00 seconds).	[MsgId: MMSG-15947]
Ending action Pass.	[MsgId: MMSG-15918]
Starting action Fail.	[MsgId: MMSG-15919]
Fail.c(3): Notify: Parameter Substitution: parameter "rndTrans" =  "09"	[MsgId: MMSG-13992]
Fail.c(3): Notify: Transaction "Trans09" started.	[MsgId: MMSG-16999]
Fail.c(4): lr_think_time: 1.04 seconds (recorded think time was 2.00 seconds).	[MsgId: MMSG-15947]
Ending action Pass.	[MsgId: MMSG-15918]
Starting action Fail.	[MsgId: MMSG-15919]
Fail.c(3): Notify: Parameter Substitution: parameter "rndTrans" =  "08"	[MsgId: MMSG-13992]
Fail.c(3): Notify: Transaction "Trans08" started.	[MsgId: MMSG-16999]
Fail.c(4): lr_think_time: 2.48 seconds (recorded think time was 2.00 seconds).	[MsgId: MMSG-15947]
Fail.c(5): Notify: Parameter Substitution: parameter "rndTrans" =  "09"	[MsgId: MMSG-13992]
Fail.c(5): Notify: Transaction "Trans09" ended with a "Fail" status (Duration: 1.0368 Think Time: 1.0364).	[MsgId: MMSG-16872]
Fail.c(5): Notify: Transaction "Trans09" has 0 error message(s).	[MsgId: MMSG-16818]
Fail.c(7): lr_think_time: 2.36 seconds (recorded think time was 2.00 seconds).	[MsgId: MMSG-15947]
Fail.c(5): Notify: Parameter Substitution: parameter "rndTrans" =  "08"	[MsgId: MMSG-13992]
Fail.c(5): Notify: Transaction "Trans08" ended with a "Fail" status (Duration: 2.4809 Think Time: 2.4806).	[MsgId: MMSG-16872]
Fail.c(5): Notify: Transaction "Trans08" has 0 error message(s).	[MsgId: MMSG-16818]
Fail.c(7): lr_think_time: 2.32 seconds (recorded think time was 2.00 seconds).	[MsgId: MMSG-15947]
Ending action Fail.	[MsgId: MMSG-15918]
Ending iteration 8.	[MsgId: MMSG-15965]
Starting iteration 9.	[MsgId: MMSG-15968]
Starting action Pass.	[MsgId: MMSG-15919]
Pass.c(3): Notify: Parameter Substitution: parameter "rndTrans" =  "09"	[MsgId: MMSG-13992]
Pass.c(3): Notify: Transaction "Trans09" started.	[MsgId: MMSG-16999]
Pass.c(4): lr_think_time: 2.51 seconds (recorded think time was 2.00 seconds).	[MsgId: MMSG-15947]
Ending action Fail.	[MsgId: MMSG-15918]
Ending iteration 8.	[MsgId: MMSG-15965]
Starting iteration 9.	[MsgId: MMSG-15968]
Starting action Pass.	[MsgId: MMSG-15919]
Pass.c(3): Notify: Parameter Substitution: parameter "rndTrans" =  "03"	[MsgId: MMSG-13992]
Pass.c(3): Notify: Transaction "Trans03" started.	[MsgId: MMSG-16999]
Pass.c(4): lr_think_time: 2.15 seconds (recorded think time was 2.00 seconds).	[MsgId: MMSG-15947]
Pass.c(5): Notify: Parameter Substitution: parameter "rndTrans" =  "09"	[MsgId: MMSG-13992]
Pass.c(5): Notify: Transaction "Trans09" ended with a "Pass" status (Duration: 2.5081 Think Time: 2.5078).	[MsgId: MMSG-16872]
Pass.c(7): lr_think_time: 1.79 seconds (recorded think time was 2.00 seconds).	[MsgId: MMSG-15947]
Pass.c(5): Notify: Parameter Substitution: parameter "rndTrans" =  "03"	[MsgId: MMSG-13992]
Pass.c(5): Notify: Transaction "Trans03" ended with a "Pass" status (Duration: 2.1506 Think Time: 2.1503).	[MsgId: MMSG-16872]
Pass.c(7): lr_think_time: 1.67 seconds (recorded think time was 2.00 seconds).	[MsgId: MMSG-15947]
Ending action Pass.	[MsgId: MMSG-15918]
Starting action Fail.	[MsgId: MMSG-15919]
Fail.c(3): Notify: Parameter Substitution: parameter "rndTrans" =  "09"	[MsgId: MMSG-13992]
Fail.c(3): Notify: Transaction "Trans09" started.	[MsgId: MMSG-16999]
Fail.c(4): lr_think_time: 1.06 seconds (recorded think time was 2.00 seconds).	[MsgId: MMSG-15947]
Fail.c(5): Notify: Parameter Substitution: parameter "rndTrans" =  "09"	[MsgId: MMSG-13992]
Fail.c(5): Notify: Transaction "Trans09" ended with a "Fail" status (Duration: 1.0638 Think Time: 1.0636).	[MsgId: MMSG-16872]
Fail.c(5): Notify: Transaction "Trans09" has 0 error message(s).	[MsgId: MMSG-16818]
Fail.c(7): lr_think_time: 2.90 seconds (recorded think time was 2.00 seconds).	[MsgId: MMSG-15947]
Ending action Pass.	[MsgId: MMSG-15918]
Starting action Fail.	[MsgId: MMSG-15919]
Fail.c(3): Notify: Parameter Substitution: parameter "rndTrans" =  "03"	[MsgId: MMSG-13992]
Fail.c(3): Notify: Transaction "Trans03" started.	[MsgId: MMSG-16999]
Fail.c(4): lr_think_time: 2.03 seconds (recorded think time was 2.00 seconds).	[MsgId: MMSG-15947]
Fail.c(5): Notify: Parameter Substitution: parameter "rndTrans" =  "03"	[MsgId: MMSG-13992]
Fail.c(5): Notify: Transaction "Trans03" ended with a "Fail" status (Duration: 2.0318 Think Time: 2.0315).	[MsgId: MMSG-16872]
Fail.c(5): Notify: Transaction "Trans03" has 0 error message(s).	[MsgId: MMSG-16818]
Fail.c(7): lr_think_time: 2.85 seconds (recorded think time was 2.00 seconds).	[MsgId: MMSG-15947]
Ending action Fail.	[MsgId: MMSG-15918]
Ending iteration 9.	[MsgId: MMSG-15965]
Starting iteration 10.	[MsgId: MMSG-15968]
Starting action Pass.	[MsgId: MMSG-15919]
Pass.c(3): Notify: Parameter Substitution: parameter "rndTrans" =  "06"	[MsgId: MMSG-13992]
Pass.c(3): Notify: Transaction "Trans06" started.	[MsgId: MMSG-16999]
Pass.c(4): lr_think_time: 2.55 seconds (recorded think time was 2.00 seconds).	[MsgId: MMSG-15947]
Ending action Fail.	[MsgId: MMSG-15918]
Ending iteration 9.	[MsgId: MMSG-15965]
Starting iteration 10.	[MsgId: MMSG-15968]
Starting action Pass.	[MsgId: MMSG-15919]
Pass.c(3): Notify: Parameter Substitution: parameter "rndTrans" =  "07"	[MsgId: MMSG-13992]
Pass.c(3): Notify: Transaction "Trans07" started.	[MsgId: MMSG-16999]
Pass.c(4): lr_think_time: 1.05 seconds (recorded think time was 2.00 seconds).	[MsgId: MMSG-15947]
Pass.c(5): Notify: Parameter Substitution: parameter "rndTrans" =  "06"	[MsgId: MMSG-13992]
Pass.c(5): Notify: Transaction "Trans06" ended with a "Pass" status (Duration: 2.5516 Think Time: 2.5513).	[MsgId: MMSG-16872]
Pass.c(7): lr_think_time: 1.30 seconds (recorded think time was 2.00 seconds).	[MsgId: MMSG-15947]
Pass.c(5): Notify: Parameter Substitution: parameter "rndTrans" =  "07"	[MsgId: MMSG-13992]
Pass.c(5): Notify: Transaction "Trans07" ended with a "Pass" status (Duration: 1.0495 Think Time: 1.0491).	[MsgId: MMSG-16872]
Pass.c(7): lr_think_time: 2.64 seconds (recorded think time was 2.00 seconds).	[MsgId: MMSG-15947]
Ending action Pass.	[MsgId: MMSG-15918]
Starting action Fail.	[MsgId: MMSG-15919]
Fail.c(3): Notify: Parameter Substitution: parameter "rndTrans" =  "06"	[MsgId: MMSG-13992]
Fail.c(3): Notify: Transaction "Trans06" started.	[MsgId: MMSG-16999]
Fail.c(4): lr_think_time: 2.50 seconds (recorded think time was 2.00 seconds).	[MsgId: MMSG-15947]
Ending action Pass.	[MsgId: MMSG-15918]
Starting action Fail.	[MsgId: MMSG-15919]
Fail.c(3): Notify: Parameter Substitution: parameter "rndTrans" =  "07"	[MsgId: MMSG-13992]
Fail.c(3): Notify: Transaction "Trans07" started.	[MsgId: MMSG-16999]
Fail.c(4): lr_think_time: 2.45 seconds (recorded think time was 2.00 seconds).	[MsgId: MMSG-15947]
Fail.c(5): Notify: Parameter Substitution: parameter "rndTrans" =  "06"	[MsgId: MMSG-13992]
Fail.c(5): Notify: Transaction "Trans06" ended with a "Fail" status (Duration: 2.5049 Think Time: 2.5045).	[MsgId: MMSG-16872]
Fail.c(5): Notify: Transaction "Trans06" has 0 error message(s).	[MsgId: MMSG-16818]
Fail.c(7): lr_think_time: 2.32 seconds (recorded think time was 2.00 seconds).	[MsgId: MMSG-15947]
Fail.c(5): Notify: Parameter Substitution: parameter "rndTrans" =  "07"	[MsgId: MMSG-13992]
Fail.c(5): Notify: Transaction "Trans07" ended with a "Fail" status (Duration: 2.4489 Think Time: 2.4486).	[MsgId: MMSG-16872]
Fail.c(5): Notify: Transaction "Trans07" has 0 error message(s).	[MsgId: MMSG-16818]
Fail.c(7): lr_think_time: 2.66 seconds (recorded think time was 2.00 seconds).	[MsgId: MMSG-15947]
Ending action Fail.	[MsgId: MMSG-15918]
Ending iteration 10.	[MsgId: MMSG-15965]
Starting iteration 11.	[MsgId: MMSG-15968]
Starting action Pass.	[MsgId: MMSG-15919]
Pass.c(3): Notify: Parameter Substitution: parameter "rndTrans" =  "07"	[MsgId: MMSG-13992]
Pass.c(3): Notify: Transaction "Trans07" started.	[MsgId: MMSG-16999]
Pass.c(4): lr_think_time: 1.91 seconds (recorded think time was 2.00 seconds).	[MsgId: MMSG-15947]
Pass.c(5): Notify: Parameter Substitution: parameter "rndTrans" =  "07"	[MsgId: MMSG-13992]
Pass.c(5): Notify: Transaction "Trans07" ended with a "Pass" status (Duration: 1.9066 Think Time: 1.9063).	[MsgId: MMSG-16872]
Pass.c(7): lr_think_time: 2.71 seconds (recorded think time was 2.00 seconds).	[MsgId: MMSG-15947]
Ending action Fail.	[MsgId: MMSG-15918]
Ending iteration 10.	[MsgId: MMSG-15965]
Starting iteration 11.	[MsgId: MMSG-15968]
Starting action Pass.	[MsgId: MMSG-15919]
Pass.c(3): Notify: Parameter Substitution: parameter "rndTrans" =  "04"	[MsgId: MMSG-13992]
Pass.c(3): Notify: Transaction "Trans04" started.	[MsgId: MMSG-16999]
Pass.c(4): lr_think_time: 1.71 seconds (recorded think time was 2.00 seconds).	[MsgId: MMSG-15947]
Pass.c(5): Notify: Parameter Substitution: parameter "rndTrans" =  "04"	[MsgId: MMSG-13992]
Pass.c(5): Notify: Transaction "Trans04" ended with a "Pass" status (Duration: 1.7085 Think Time: 1.7082).	[MsgId: MMSG-16872]
Pass.c(7): lr_think_time: 2.46 seconds (recorded think time was 2.00 seconds).	[MsgId: MMSG-15947]
Ending action Pass.	[MsgId: MMSG-15918]
Starting action Fail.	[MsgId: MMSG-15919]
Fail.c(3): Notify: Parameter Substitution: parameter "rndTrans" =  "07"	[MsgId: MMSG-13992]
Fail.c(3): Notify: Transaction "Trans07" started.	[MsgId: MMSG-16999]
Fail.c(4): lr_think_time: 2.97 seconds (recorded think time was 2.00 seconds).	[MsgId: MMSG-15947]
Ending action Pass.	[MsgId: MMSG-15918]
Starting action Fail.	[MsgId: MMSG-15919]
Fail.c(3): Notify: Parameter Substitution: parameter "rndTrans" =  "04"	[MsgId: MMSG-13992]
Fail.c(3): Notify: Transaction "Trans04" started.	[MsgId: MMSG-16999]
Fail.c(4): lr_think_time: 1.45 seconds (recorded think time was 2.00 seconds).	[MsgId: MMSG-15947]
Fail.c(5): Notify: Parameter Substitution: parameter "rndTrans" =  "07"	[MsgId: MMSG-13992]
Fail.c(5): Notify: Transaction "Trans07" ended with a "Fail" status (Duration: 2.9679 Think Time: 2.9676).	[MsgId: MMSG-16872]
Fail.c(5): Notify: Transaction "Trans07" has 0 error message(s).	[MsgId: MMSG-16818]
Fail.c(7): lr_think_time: 2.84 seconds (recorded think time was 2.00 seconds).	[MsgId: MMSG-15947]
Fail.c(5): Notify: Parameter Substitution: parameter "rndTrans" =  "04"	[MsgId: MMSG-13992]
Fail.c(5): Notify: Transaction "Trans04" ended with a "Fail" status (Duration: 1.4528 Think Time: 1.4525).	[MsgId: MMSG-16872]
Fail.c(5): Notify: Transaction "Trans04" has 0 error message(s).	[MsgId: MMSG-16818]
Fail.c(7): lr_think_time: 2.66 seconds (recorded think time was 2.00 seconds).	[MsgId: MMSG-15947]
Ending action Fail.	[MsgId: MMSG-15918]
Ending iteration 11.	[MsgId: MMSG-15965]
Starting iteration 12.	[MsgId: MMSG-15968]
Starting action Pass.	[MsgId: MMSG-15919]
Pass.c(3): Notify: Parameter Substitution: parameter "rndTrans" =  "02"	[MsgId: MMSG-13992]
Pass.c(3): Notify: Transaction "Trans02" started.	[MsgId: MMSG-16999]
Pass.c(4): lr_think_time: 2.88 seconds (recorded think time was 2.00 seconds).	[MsgId: MMSG-15947]
Ending action Fail.	[MsgId: MMSG-15918]
Ending iteration 11.	[MsgId: MMSG-15965]
Starting iteration 12.	[MsgId: MMSG-15968]
Starting action Pass.	[MsgId: MMSG-15919]
Pass.c(3): Notify: Parameter Substitution: parameter "rndTrans" =  "04"	[MsgId: MMSG-13992]
Pass.c(3): Notify: Transaction "Trans04" started.	[MsgId: MMSG-16999]
Pass.c(4): lr_think_time: 1.01 seconds (recorded think time was 2.00 seconds).	[MsgId: MMSG-15947]
Pass.c(5): Notify: Parameter Substitution: parameter "rndTrans" =  "04"	[MsgId: MMSG-13992]
Pass.c(5): Notify: Transaction "Trans04" ended with a "Pass" status (Duration: 1.0096 Think Time: 1.0093).	[MsgId: MMSG-16872]
Pass.c(7): lr_think_time: 1.36 seconds (recorded think time was 2.00 seconds).	[MsgId: MMSG-15947]
Ending action Pass.	[MsgId: MMSG-15918]
Starting action Fail.	[MsgId: MMSG-15919]
Fail.c(3): Notify: Parameter Substitution: parameter "rndTrans" =  "04"	[MsgId: MMSG-13992]
Fail.c(3): Notify: Transaction "Trans04" started.	[MsgId: MMSG-16999]
Fail.c(4): lr_think_time: 1.83 seconds (recorded think time was 2.00 seconds).	[MsgId: MMSG-15947]
Pass.c(5): Notify: Parameter Substitution: parameter "rndTrans" =  "02"	[MsgId: MMSG-13992]
Pass.c(5): Notify: Transaction "Trans02" ended with a "Pass" status (Duration: 2.8836 Think Time: 2.8833).	[MsgId: MMSG-16872]
Pass.c(7): lr_think_time: 2.24 seconds (recorded think time was 2.00 seconds).	[MsgId: MMSG-15947]
Fail.c(5): Notify: Parameter Substitution: parameter "rndTrans" =  "04"	[MsgId: MMSG-13992]
Fail.c(5): Notify: Transaction "Trans04" ended with a "Fail" status (Duration: 1.8289 Think Time: 1.8286).	[MsgId: MMSG-16872]
Fail.c(5): Notify: Transaction "Trans04" has 0 error message(s).	[MsgId: MMSG-16818]
Fail.c(7): lr_think_time: 1.79 seconds (recorded think time was 2.00 seconds).	[MsgId: MMSG-15947]
Ending action Pass.	[MsgId: MMSG-15918]
Starting action Fail.	[MsgId: MMSG-15919]
Fail.c(3): Notify: Parameter Substitution: parameter "rndTrans" =  "02"	[MsgId: MMSG-13992]
Fail.c(3): Notify: Transaction "Trans02" started.	[MsgId: MMSG-16999]
Fail.c(4): lr_think_time: 2.40 seconds (recorded think time was 2.00 seconds).	[MsgId: MMSG-15947]
Ending action Fail.	[MsgId: MMSG-15918]
Ending iteration 12.	[MsgId: MMSG-15965]
Starting iteration 13.	[MsgId: MMSG-15968]
Starting action Pass.	[MsgId: MMSG-15919]
Pass.c(3): Notify: Parameter Substitution: parameter "rndTrans" =  "08"	[MsgId: MMSG-13992]
Pass.c(3): Notify: Transaction "Trans08" started.	[MsgId: MMSG-16999]
Pass.c(4): lr_think_time: 1.89 seconds (recorded think time was 2.00 seconds).	[MsgId: MMSG-15947]
Fail.c(5): Notify: Parameter Substitution: parameter "rndTrans" =  "02"	[MsgId: MMSG-13992]
Fail.c(5): Notify: Transaction "Trans02" ended with a "Fail" status (Duration: 2.3980 Think Time: 2.3978).	[MsgId: MMSG-16872]
Fail.c(5): Notify: Transaction "Trans02" has 0 error message(s).	[MsgId: MMSG-16818]
Fail.c(7): lr_think_time: 2.84 seconds (recorded think time was 2.00 seconds).	[MsgId: MMSG-15947]
Pass.c(5): Notify: Parameter Substitution: parameter "rndTrans" =  "08"	[MsgId: MMSG-13992]
Pass.c(5): Notify: Transaction "Trans08" ended with a "Pass" status (Duration: 1.8866 Think Time: 1.8863).	[MsgId: MMSG-16872]
Pass.c(7): lr_think_time: 2.57 seconds (recorded think time was 2.00 seconds).	[MsgId: MMSG-15947]
Ending action Fail.	[MsgId: MMSG-15918]
Ending iteration 12.	[MsgId: MMSG-15965]
Starting iteration 13.	[MsgId: MMSG-15968]
Starting action Pass.	[MsgId: MMSG-15919]
Pass.c(3): Notify: Parameter Substitution: parameter "rndTrans" =  "02"	[MsgId: MMSG-13992]
Pass.c(3): Notify: Transaction "Trans02" started.	[MsgId: MMSG-16999]
Pass.c(4): lr_think_time: 1.01 seconds (recorded think time was 2.00 seconds).	[MsgId: MMSG-15947]
Ending action Pass.	[MsgId: MMSG-15918]
Starting action Fail.	[MsgId: MMSG-15919]
Fail.c(3): Notify: Parameter Substitution: parameter "rndTrans" =  "08"	[MsgId: MMSG-13992]
Fail.c(3): Notify: Transaction "Trans08" started.	[MsgId: MMSG-16999]
Fail.c(4): lr_think_time: 1.41 seconds (recorded think time was 2.00 seconds).	[MsgId: MMSG-15947]
Pass.c(5): Notify: Parameter Substitution: parameter "rndTrans" =  "02"	[MsgId: MMSG-13992]
Pass.c(5): Notify: Transaction "Trans02" ended with a "Pass" status (Duration: 1.0055 Think Time: 1.0052).	[MsgId: MMSG-16872]
Pass.c(7): lr_think_time: 2.17 seconds (recorded think time was 2.00 seconds).	[MsgId: MMSG-15947]
Fail.c(5): Notify: Parameter Substitution: parameter "rndTrans" =  "08"	[MsgId: MMSG-13992]
Fail.c(5): Notify: Transaction "Trans08" ended with a "Fail" status (Duration: 1.4046 Think Time: 1.4044).	[MsgId: MMSG-16872]
Fail.c(5): Notify: Transaction "Trans08" has 0 error message(s).	[MsgId: MMSG-16818]
Fail.c(7): lr_think_time: 1.34 seconds (recorded think time was 2.00 seconds).	[MsgId: MMSG-15947]
Ending action Fail.	[MsgId: MMSG-15918]
Ending iteration 13.	[MsgId: MMSG-15965]
Starting iteration 14.	[MsgId: MMSG-15968]
Starting action Pass.	[MsgId: MMSG-15919]
Pass.c(3): Notify: Parameter Substitution: parameter "rndTrans" =  "06"	[MsgId: MMSG-13992]
Pass.c(3): Notify: Transaction "Trans06" started.	[MsgId: MMSG-16999]
Pass.c(4): lr_think_time: 2.04 seconds (recorded think time was 2.00 seconds).	[MsgId: MMSG-15947]
Ending action Pass.	[MsgId: MMSG-15918]
Starting action Fail.	[MsgId: MMSG-15919]
Fail.c(3): Notify: Parameter Substitution: parameter "rndTrans" =  "02"	[MsgId: MMSG-13992]
Fail.c(3): Notify: Transaction "Trans02" started.	[MsgId: MMSG-16999]
Fail.c(4): lr_think_time: 2.80 seconds (recorded think time was 2.00 seconds).	[MsgId: MMSG-15947]
Pass.c(5): Notify: Parameter Substitution: parameter "rndTrans" =  "06"	[MsgId: MMSG-13992]
Pass.c(5): Notify: Transaction "Trans06" ended with a "Pass" status (Duration: 2.0408 Think Time: 2.0405).	[MsgId: MMSG-16872]
Pass.c(7): lr_think_time: 2.31 seconds (recorded think time was 2.00 seconds).	[MsgId: MMSG-15947]
Fail.c(5): Notify: Parameter Substitution: parameter "rndTrans" =  "02"	[MsgId: MMSG-13992]
Fail.c(5): Notify: Transaction "Trans02" ended with a "Fail" status (Duration: 2.8019 Think Time: 2.8016).	[MsgId: MMSG-16872]
Fail.c(5): Notify: Transaction "Trans02" has 0 error message(s).	[MsgId: MMSG-16818]
Fail.c(7): lr_think_time: 2.24 seconds (recorded think time was 2.00 seconds).	[MsgId: MMSG-15947]
Ending action Pass.	[MsgId: MMSG-15918]
Starting action Fail.	[MsgId: MMSG-15919]
Fail.c(3): Notify: Parameter Substitution: parameter "rndTrans" =  "06"	[MsgId: MMSG-13992]
Fail.c(3): Notify: Transaction "Trans06" started.	[MsgId: MMSG-16999]
Fail.c(4): lr_think_time: 2.49 seconds (recorded think time was 2.00 seconds).	[MsgId: MMSG-15947]
Ending action Fail.	[MsgId: MMSG-15918]
Ending iteration 13.	[MsgId: MMSG-15965]
Starting iteration 14.	[MsgId: MMSG-15968]
Starting action Pass.	[MsgId: MMSG-15919]
Pass.c(3): Notify: Parameter Substitution: parameter "rndTrans" =  "07"	[MsgId: MMSG-13992]
Pass.c(3): Notify: Transaction "Trans07" started.	[MsgId: MMSG-16999]
Pass.c(4): lr_think_time: 2.88 seconds (recorded think time was 2.00 seconds).	[MsgId: MMSG-15947]
Fail.c(5): Notify: Parameter Substitution: parameter "rndTrans" =  "06"	[MsgId: MMSG-13992]
Fail.c(5): Notify: Transaction "Trans06" ended with a "Fail" status (Duration: 2.4897 Think Time: 2.4895).	[MsgId: MMSG-16872]
Fail.c(5): Notify: Transaction "Trans06" has 0 error message(s).	[MsgId: MMSG-16818]
Fail.c(7): lr_think_time: 1.15 seconds (recorded think time was 2.00 seconds).	[MsgId: MMSG-15947]
Ending action Fail.	[MsgId: MMSG-15918]
Ending iteration 14.	[MsgId: MMSG-15965]
Starting iteration 15.	[MsgId: MMSG-15968]
Starting action Pass.	[MsgId: MMSG-15919]
Pass.c(3): Notify: Parameter Substitution: parameter "rndTrans" =  "02"	[MsgId: MMSG-13992]
Pass.c(3): Notify: Transaction "Trans02" started.	[MsgId: MMSG-16999]
Pass.c(4): lr_think_time: 2.75 seconds (recorded think time was 2.00 seconds).	[MsgId: MMSG-15947]
Pass.c(5): Notify: Parameter Substitution: parameter "rndTrans" =  "07"	[MsgId: MMSG-13992]
Pass.c(5): Notify: Transaction "Trans07" ended with a "Pass" status (Duration: 2.8767 Think Time: 2.8764).	[MsgId: MMSG-16872]
Pass.c(7): lr_think_time: 2.71 seconds (recorded think time was 2.00 seconds).	[MsgId: MMSG-15947]
Pass.c(5): Notify: Parameter Substitution: parameter "rndTrans" =  "02"	[MsgId: MMSG-13992]
Pass.c(5): Notify: Transaction "Trans02" ended with a "Pass" status (Duration: 2.7489 Think Time: 2.7486).	[MsgId: MMSG-16872]
Pass.c(7): lr_think_time: 2.48 seconds (recorded think time was 2.00 seconds).	[MsgId: MMSG-15947]
Ending action Pass.	[MsgId: MMSG-15918]
Starting action Fail.	[MsgId: MMSG-15919]
Fail.c(3): Notify: Parameter Substitution: parameter "rndTrans" =  "07"	[MsgId: MMSG-13992]
Fail.c(3): Notify: Transaction "Trans07" started.	[MsgId: MMSG-16999]
Fail.c(4): lr_think_time: 2.95 seconds (recorded think time was 2.00 seconds).	[MsgId: MMSG-15947]
Ending action Pass.	[MsgId: MMSG-15918]
Starting action Fail.	[MsgId: MMSG-15919]
Fail.c(3): Notify: Parameter Substitution: parameter "rndTrans" =  "02"	[MsgId: MMSG-13992]
Fail.c(3): Notify: Transaction "Trans02" started.	[MsgId: MMSG-16999]
Fail.c(4): lr_think_time: 2.08 seconds (recorded think time was 2.00 seconds).	[MsgId: MMSG-15947]
Fail.c(5): Notify: Parameter Substitution: parameter "rndTrans" =  "07"	[MsgId: MMSG-13992]
Fail.c(5): Notify: Transaction "Trans07" ended with a "Fail" status (Duration: 2.9498 Think Time: 2.9496).	[MsgId: MMSG-16872]
Fail.c(5): Notify: Transaction "Trans07" has 0 error message(s).	[MsgId: MMSG-16818]
Fail.c(7): lr_think_time: 1.11 seconds (recorded think time was 2.00 seconds).	[MsgId: MMSG-15947]
Ending action Fail.	[MsgId: MMSG-15918]
Ending iteration 14.	[MsgId: MMSG-15965]
Starting iteration 15.	[MsgId: MMSG-15968]
Starting action Pass.	[MsgId: MMSG-15919]
Pass.c(3): Notify: Parameter Substitution: parameter "rndTrans" =  "04"	[MsgId: MMSG-13992]
Pass.c(3): Notify: Transaction "Trans04" started.	[MsgId: MMSG-16999]
Pass.c(4): lr_think_time: 1.97 seconds (recorded think time was 2.00 seconds).	[MsgId: MMSG-15947]
Fail.c(5): Notify: Parameter Substitution: parameter "rndTrans" =  "02"	[MsgId: MMSG-13992]
Fail.c(5): Notify: Transaction "Trans02" ended with a "Fail" status (Duration: 2.0759 Think Time: 2.0755).	[MsgId: MMSG-16872]
Fail.c(5): Notify: Transaction "Trans02" has 0 error message(s).	[MsgId: MMSG-16818]
Fail.c(7): lr_think_time: 1.74 seconds (recorded think time was 2.00 seconds).	[MsgId: MMSG-15947]
Pass.c(5): Notify: Parameter Substitution: parameter "rndTrans" =  "04"	[MsgId: MMSG-13992]
Pass.c(5): Notify: Transaction "Trans04" ended with a "Pass" status (Duration: 1.9685 Think Time: 1.9682).	[MsgId: MMSG-16872]
Pass.c(7): lr_think_time: 1.23 seconds (recorded think time was 2.00 seconds).	[MsgId: MMSG-15947]
Ending action Fail.	[MsgId: MMSG-15918]
Ending iteration 15.	[MsgId: MMSG-15965]
Starting iteration 16.	[MsgId: MMSG-15968]
Starting action Pass.	[MsgId: MMSG-15919]
Pass.c(3): Notify: Parameter Substitution: parameter "rndTrans" =  "02"	[MsgId: MMSG-13992]
Pass.c(3): Notify: Transaction "Trans02" started.	[MsgId: MMSG-16999]
Pass.c(4): lr_think_time: 1.80 seconds (recorded think time was 2.00 seconds).	[MsgId: MMSG-15947]
Ending action Pass.	[MsgId: MMSG-15918]
Starting action Fail.	[MsgId: MMSG-15919]
Fail.c(3): Notify: Parameter Substitution: parameter "rndTrans" =  "04"	[MsgId: MMSG-13992]
Fail.c(3): Notify: Transaction "Trans04" started.	[MsgId: MMSG-16999]
Fail.c(4): lr_think_time: 1.40 seconds (recorded think time was 2.00 seconds).	[MsgId: MMSG-15947]
Pass.c(5): Notify: Parameter Substitution: parameter "rndTrans" =  "02"	[MsgId: MMSG-13992]
Pass.c(5): Notify: Transaction "Trans02" ended with a "Pass" status (Duration: 1.8015 Think Time: 1.8012).	[MsgId: MMSG-16872]
Pass.c(7): lr_think_time: 1.68 seconds (recorded think time was 2.00 seconds).	[MsgId: MMSG-15947]
Fail.c(5): Notify: Parameter Substitution: parameter "rndTrans" =  "04"	[MsgId: MMSG-13992]
Fail.c(5): Notify: Transaction "Trans04" ended with a "Fail" status (Duration: 1.3968 Think Time: 1.3965).	[MsgId: MMSG-16872]
Fail.c(5): Notify: Transaction "Trans04" has 0 error message(s).	[MsgId: MMSG-16818]
Fail.c(7): lr_think_time: 1.32 seconds (recorded think time was 2.00 seconds).	[MsgId: MMSG-15947]
Ending action Pass.	[MsgId: MMSG-15918]
Starting action Fail.	[MsgId: MMSG-15919]
Fail.c(3): Notify: Parameter Substitution: parameter "rndTrans" =  "02"	[MsgId: MMSG-13992]
Fail.c(3): Notify: Transaction "Trans02" started.	[MsgId: MMSG-16999]
Fail.c(4): lr_think_time: 1.12 seconds (recorded think time was 2.00 seconds).	[MsgId: MMSG-15947]
Ending action Fail.	[MsgId: MMSG-15918]
Ending iteration 15.	[MsgId: MMSG-15965]
Starting iteration 16.	[MsgId: MMSG-15968]
Starting action Pass.	[MsgId: MMSG-15919]
Pass.c(3): Notify: Parameter Substitution: parameter "rndTrans" =  "06"	[MsgId: MMSG-13992]
Pass.c(3): Notify: Transaction "Trans06" started.	[MsgId: MMSG-16999]
Pass.c(4): lr_think_time: 2.20 seconds (recorded think time was 2.00 seconds).	[MsgId: MMSG-15947]
Fail.c(5): Notify: Parameter Substitution: parameter "rndTrans" =  "02"	[MsgId: MMSG-13992]
Fail.c(5): Notify: Transaction "Trans02" ended with a "Fail" status (Duration: 1.1178 Think Time: 1.1175).	[MsgId: MMSG-16872]
Fail.c(5): Notify: Transaction "Trans02" has 0 error message(s).	[MsgId: MMSG-16818]
Fail.c(7): lr_think_time: 1.43 seconds (recorded think time was 2.00 seconds).	[MsgId: MMSG-15947]
Pass.c(5): Notify: Parameter Substitution: parameter "rndTrans" =  "06"	[MsgId: MMSG-13992]
Pass.c(5): Notify: Transaction "Trans06" ended with a "Pass" status (Duration: 2.1979 Think Time: 2.1976).	[MsgId: MMSG-16872]
Pass.c(7): lr_think_time: 2.74 seconds (recorded think time was 2.00 seconds).	[MsgId: MMSG-15947]
Ending action Fail.	[MsgId: MMSG-15918]
Ending iteration 16.	[MsgId: MMSG-15965]
Starting iteration 17.	[MsgId: MMSG-15968]
Starting action Pass.	[MsgId: MMSG-15919]
Pass.c(3): Notify: Parameter Substitution: parameter "rndTrans" =  "08"	[MsgId: MMSG-13992]
Pass.c(3): Notify: Transaction "Trans08" started.	[MsgId: MMSG-16999]
Pass.c(4): lr_think_time: 1.20 seconds (recorded think time was 2.00 seconds).	[MsgId: MMSG-15947]
Pass.c(5): Notify: Parameter Substitution: parameter "rndTrans" =  "08"	[MsgId: MMSG-13992]
Pass.c(5): Notify: Transaction "Trans08" ended with a "Pass" status (Duration: 1.2016 Think Time: 1.2013).	[MsgId: MMSG-16872]
Pass.c(7): lr_think_time: 2.82 seconds (recorded think time was 2.00 seconds).	[MsgId: MMSG-15947]
Ending action Pass.	[MsgId: MMSG-15918]
Starting action Fail.	[MsgId: MMSG-15919]
Fail.c(3): Notify: Parameter Substitution: parameter "rndTrans" =  "06"	[MsgId: MMSG-13992]
Fail.c(3): Notify: Transaction "Trans06" started.	[MsgId: MMSG-16999]
Fail.c(4): lr_think_time: 2.66 seconds (recorded think time was 2.00 seconds).	[MsgId: MMSG-15947]
Ending action Pass.	[MsgId: MMSG-15918]
Starting action Fail.	[MsgId: MMSG-15919]
Fail.c(3): Notify: Parameter Substitution: parameter "rndTrans" =  "08"	[MsgId: MMSG-13992]
Fail.c(3): Notify: Transaction "Trans08" started.	[MsgId: MMSG-16999]
Fail.c(4): lr_think_time: 2.78 seconds (recorded think time was 2.00 seconds).	[MsgId: MMSG-15947]
Fail.c(5): Notify: Parameter Substitution: parameter "rndTrans" =  "06"	[MsgId: MMSG-13992]
Fail.c(5): Notify: Transaction "Trans06" ended with a "Fail" status (Duration: 2.6638 Think Time: 2.6635).	[MsgId: MMSG-16872]
Fail.c(5): Notify: Transaction "Trans06" has 0 error message(s).	[MsgId: MMSG-16818]
Fail.c(7): lr_think_time: 1.15 seconds (recorded think time was 2.00 seconds).	[MsgId: MMSG-15947]
Ending action Fail.	[MsgId: MMSG-15918]
Ending iteration 16.	[MsgId: MMSG-15965]
Starting iteration 17.	[MsgId: MMSG-15968]
Starting action Pass.	[MsgId: MMSG-15919]
Pass.c(3): Notify: Parameter Substitution: parameter "rndTrans" =  "07"	[MsgId: MMSG-13992]
Pass.c(3): Notify: Transaction "Trans07" started.	[MsgId: MMSG-16999]
Pass.c(4): lr_think_time: 2.16 seconds (recorded think time was 2.00 seconds).	[MsgId: MMSG-15947]
Fail.c(5): Notify: Parameter Substitution: parameter "rndTrans" =  "08"	[MsgId: MMSG-13992]
Fail.c(5): Notify: Transaction "Trans08" ended with a "Fail" status (Duration: 2.7799 Think Time: 2.7795).	[MsgId: MMSG-16872]
Fail.c(5): Notify: Transaction "Trans08" has 0 error message(s).	[MsgId: MMSG-16818]
Fail.c(7): lr_think_time: 2.79 seconds (recorded think time was 2.00 seconds).	[MsgId: MMSG-15947]
Pass.c(5): Notify: Parameter Substitution: parameter "rndTrans" =  "07"	[MsgId: MMSG-13992]
Pass.c(5): Notify: Transaction "Trans07" ended with a "Pass" status (Duration: 2.1606 Think Time: 2.1603).	[MsgId: MMSG-16872]
Pass.c(7): lr_think_time: 1.25 seconds (recorded think time was 2.00 seconds).	[MsgId: MMSG-15947]
Ending action Fail.	[MsgId: MMSG-15918]
Ending iteration 17.	[MsgId: MMSG-15965]
Starting iteration 18.	[MsgId: MMSG-15968]
Starting action Pass.	[MsgId: MMSG-15919]
Pass.c(3): Notify: Parameter Substitution: parameter "rndTrans" =  "03"	[MsgId: MMSG-13992]
Pass.c(3): Notify: Transaction "Trans03" started.	[MsgId: MMSG-16999]
Pass.c(4): lr_think_time: 1.21 seconds (recorded think time was 2.00 seconds).	[MsgId: MMSG-15947]
Ending action Pass.	[MsgId: MMSG-15918]
Starting action Fail.	[MsgId: MMSG-15919]
Fail.c(3): Notify: Parameter Substitution: parameter "rndTrans" =  "07"	[MsgId: MMSG-13992]
Fail.c(3): Notify: Transaction "Trans07" started.	[MsgId: MMSG-16999]
Fail.c(4): lr_think_time: 2.69 seconds (recorded think time was 2.00 seconds).	[MsgId: MMSG-15947]
Pass.c(5): Notify: Parameter Substitution: parameter "rndTrans" =  "03"	[MsgId: MMSG-13992]
Pass.c(5): Notify: Transaction "Trans03" ended with a "Pass" status (Duration: 1.2119 Think Time: 1.2117).	[MsgId: MMSG-16872]
Pass.c(7): lr_think_time: 2.97 seconds (recorded think time was 2.00 seconds).	[MsgId: MMSG-15947]
Fail.c(5): Notify: Parameter Substitution: parameter "rndTrans" =  "07"	[MsgId: MMSG-13992]
Fail.c(5): Notify: Transaction "Trans07" ended with a "Fail" status (Duration: 2.6857 Think Time: 2.6855).	[MsgId: MMSG-16872]
Fail.c(5): Notify: Transaction "Trans07" has 0 error message(s).	[MsgId: MMSG-16818]
Fail.c(7): lr_think_time: 2.07 seconds (recorded think time was 2.00 seconds).	[MsgId: MMSG-15947]
Ending action Pass.	[MsgId: MMSG-15918]
Starting action Fail.	[MsgId: MMSG-15919]
Fail.c(3): Notify: Parameter Substitution: parameter "rndTrans" =  "03"	[MsgId: MMSG-13992]
Fail.c(3): Notify: Transaction "Trans03" started.	[MsgId: MMSG-16999]
Fail.c(4): lr_think_time: 1.12 seconds (recorded think time was 2.00 seconds).	[MsgId: MMSG-15947]
Ending action Fail.	[MsgId: MMSG-15918]
Ending iteration 17.	[MsgId: MMSG-15965]
Starting iteration 18.	[MsgId: MMSG-15968]
Starting action Pass.	[MsgId: MMSG-15919]
Pass.c(3): Notify: Parameter Substitution: parameter "rndTrans" =  "09"	[MsgId: MMSG-13992]
Pass.c(3): Notify: Transaction "Trans09" started.	[MsgId: MMSG-16999]
Pass.c(4): lr_think_time: 2.09 seconds (recorded think time was 2.00 seconds).	[MsgId: MMSG-15947]
Fail.c(5): Notify: Parameter Substitution: parameter "rndTrans" =  "03"	[MsgId: MMSG-13992]
Fail.c(5): Notify: Transaction "Trans03" ended with a "Fail" status (Duration: 1.1218 Think Time: 1.1215).	[MsgId: MMSG-16872]
Fail.c(5): Notify: Transaction "Trans03" has 0 error message(s).	[MsgId: MMSG-16818]
Fail.c(7): lr_think_time: 2.99 seconds (recorded think time was 2.00 seconds).	[MsgId: MMSG-15947]
Pass.c(5): Notify: Parameter Substitution: parameter "rndTrans" =  "09"	[MsgId: MMSG-13992]
Pass.c(5): Notify: Transaction "Trans09" ended with a "Pass" status (Duration: 2.0905 Think Time: 2.0902).	[MsgId: MMSG-16872]
Pass.c(7): lr_think_time: 2.05 seconds (recorded think time was 2.00 seconds).	[MsgId: MMSG-15947]
Ending action Fail.	[MsgId: MMSG-15918]
Ending iteration 18.	[MsgId: MMSG-15965]
Starting iteration 19.	[MsgId: MMSG-15968]
Starting action Pass.	[MsgId: MMSG-15919]
Pass.c(3): Notify: Parameter Substitution: parameter "rndTrans" =  "07"	[MsgId: MMSG-13992]
Pass.c(3): Notify: Transaction "Trans07" started.	[MsgId: MMSG-16999]
Pass.c(4): lr_think_time: 1.00 seconds (recorded think time was 2.00 seconds).	[MsgId: MMSG-15947]
Ending action Pass.	[MsgId: MMSG-15918]
Starting action Fail.	[MsgId: MMSG-15919]
Fail.c(3): Notify: Parameter Substitution: parameter "rndTrans" =  "09"	[MsgId: MMSG-13992]
Fail.c(3): Notify: Transaction "Trans09" started.	[MsgId: MMSG-16999]
Fail.c(4): lr_think_time: 2.06 seconds (recorded think time was 2.00 seconds).	[MsgId: MMSG-15947]
Pass.c(5): Notify: Parameter Substitution: parameter "rndTrans" =  "07"	[MsgId: MMSG-13992]
Pass.c(5): Notify: Transaction "Trans07" ended with a "Pass" status (Duration: 1.0015 Think Time: 1.0012).	[MsgId: MMSG-16872]
Pass.c(7): lr_think_time: 1.01 seconds (recorded think time was 2.00 seconds).	[MsgId: MMSG-15947]
Ending action Pass.	[MsgId: MMSG-15918]
Starting action Fail.	[MsgId: MMSG-15919]
Fail.c(3): Notify: Parameter Substitution: parameter "rndTrans" =  "07"	[MsgId: MMSG-13992]
Fail.c(3): Notify: Transaction "Trans07" started.	[MsgId: MMSG-16999]
Fail.c(4): lr_think_time: 2.44 seconds (recorded think time was 2.00 seconds).	[MsgId: MMSG-15947]
Fail.c(5): Notify: Parameter Substitution: parameter "rndTrans" =  "09"	[MsgId: MMSG-13992]
Fail.c(5): Notify: Transaction "Trans09" ended with a "Fail" status (Duration: 2.0618 Think Time: 2.0615).	[MsgId: MMSG-16872]
Fail.c(5): Notify: Transaction "Trans09" has 0 error message(s).	[MsgId: MMSG-16818]
Fail.c(7): lr_think_time: 2.29 seconds (recorded think time was 2.00 seconds).	[MsgId: MMSG-15947]
Fail.c(5): Notify: Parameter Substitution: parameter "rndTrans" =  "07"	[MsgId: MMSG-13992]
Fail.c(5): Notify: Transaction "Trans07" ended with a "Fail" status (Duration: 2.4368 Think Time: 2.4365).	[MsgId: MMSG-16872]
Fail.c(5): Notify: Transaction "Trans07" has 0 error message(s).	[MsgId: MMSG-16818]
Fail.c(7): lr_think_time: 1.46 seconds (recorded think time was 2.00 seconds).	[MsgId: MMSG-15947]
Ending action Fail.	[MsgId: MMSG-15918]
Ending iteration 18.	[MsgId: MMSG-15965]
Starting iteration 19.	[MsgId: MMSG-15968]
Starting action Pass.	[MsgId: MMSG-15919]
Pass.c(3): Notify: Parameter Substitution: parameter "rndTrans" =  "03"	[MsgId: MMSG-13992]
Pass.c(3): Notify: Transaction "Trans03" started.	[MsgId: MMSG-16999]
Pass.c(4): lr_think_time: 1.39 seconds (recorded think time was 2.00 seconds).	[MsgId: MMSG-15947]
Ending action Fail.	[MsgId: MMSG-15918]
Ending iteration 19.	[MsgId: MMSG-15965]
Starting iteration 20.	[MsgId: MMSG-15968]
Starting action Pass.	[MsgId: MMSG-15919]
Pass.c(3): Notify: Parameter Substitution: parameter "rndTrans" =  "08"	[MsgId: MMSG-13992]
Pass.c(3): Notify: Transaction "Trans08" started.	[MsgId: MMSG-16999]
Pass.c(4): lr_think_time: 2.00 seconds (recorded think time was 2.00 seconds).	[MsgId: MMSG-15947]
Pass.c(5): Notify: Parameter Substitution: parameter "rndTrans" =  "03"	[MsgId: MMSG-13992]
Pass.c(5): Notify: Transaction "Trans03" ended with a "Pass" status (Duration: 1.3875 Think Time: 1.3872).	[MsgId: MMSG-16872]
Pass.c(7): lr_think_time: 1.58 seconds (recorded think time was 2.00 seconds).	[MsgId: MMSG-15947]
Pass.c(5): Notify: Parameter Substitution: parameter "rndTrans" =  "08"	[MsgId: MMSG-13992]
Pass.c(5): Notify: Transaction "Trans08" ended with a "Pass" status (Duration: 2.0045 Think Time: 2.0042).	[MsgId: MMSG-16872]
Pass.c(7): lr_think_time: 1.76 seconds (recorded think time was 2.00 seconds).	[MsgId: MMSG-15947]
Ending action Pass.	[MsgId: MMSG-15918]
Starting action Fail.	[MsgId: MMSG-15919]
Fail.c(3): Notify: Parameter Substitution: parameter "rndTrans" =  "03"	[MsgId: MMSG-13992]
Fail.c(3): Notify: Transaction "Trans03" started.	[MsgId: MMSG-16999]
Fail.c(4): lr_think_time: 2.22 seconds (recorded think time was 2.00 seconds).	[MsgId: MMSG-15947]
Ending action Pass.	[MsgId: MMSG-15918]
Starting action Fail.	[MsgId: MMSG-15919]
Fail.c(3): Notify: Parameter Substitution: parameter "rndTrans" =  "08"	[MsgId: MMSG-13992]
Fail.c(3): Notify: Transaction "Trans08" started.	[MsgId: MMSG-16999]
Fail.c(4): lr_think_time: 2.63 seconds (recorded think time was 2.00 seconds).	[MsgId: MMSG-15947]
Fail.c(5): Notify: Parameter Substitution: parameter "rndTrans" =  "03"	[MsgId: MMSG-13992]
Fail.c(5): Notify: Transaction "Trans03" ended with a "Fail" status (Duration: 2.2219 Think Time: 2.2216).	[MsgId: MMSG-16872]
Fail.c(5): Notify: Transaction "Trans03" has 0 error message(s).	[MsgId: MMSG-16818]
Fail.c(7): lr_think_time: 2.67 seconds (recorded think time was 2.00 seconds).	[MsgId: MMSG-15947]
Fail.c(5): Notify: Parameter Substitution: parameter "rndTrans" =  "08"	[MsgId: MMSG-13992]
Fail.c(5): Notify: Transaction "Trans08" ended with a "Fail" status (Duration: 2.6269 Think Time: 2.6266).	[MsgId: MMSG-16872]
Fail.c(5): Notify: Transaction "Trans08" has 0 error message(s).	[MsgId: MMSG-16818]
Fail.c(7): lr_think_time: 2.20 seconds (recorded think time was 2.00 seconds).	[MsgId: MMSG-15947]
Ending action Fail.	[MsgId: MMSG-15918]
Ending iteration 19.	[MsgId: MMSG-15965]
Starting iteration 20.	[MsgId: MMSG-15968]
Starting action Pass.	[MsgId: MMSG-15919]
Pass.c(3): Notify: Parameter Substitution: parameter "rndTrans" =  "06"	[MsgId: MMSG-13992]
Pass.c(3): Notify: Transaction "Trans06" started.	[MsgId: MMSG-16999]
Pass.c(4): lr_think_time: 1.00 seconds (recorded think time was 2.00 seconds).	[MsgId: MMSG-15947]
Pass.c(5): Notify: Parameter Substitution: parameter "rndTrans" =  "06"	[MsgId: MMSG-13992]
Pass.c(5): Notify: Transaction "Trans06" ended with a "Pass" status (Duration: 1.0038 Think Time: 1.0036).	[MsgId: MMSG-16872]
Pass.c(7): lr_think_time: 1.75 seconds (recorded think time was 2.00 seconds).	[MsgId: MMSG-15947]
Ending action Fail.	[MsgId: MMSG-15918]
Ending iteration 20.	[MsgId: MMSG-15965]
Starting iteration 21.	[MsgId: MMSG-15968]
Starting action Pass.	[MsgId: MMSG-15919]
Pass.c(3): Notify: Parameter Substitution: parameter "rndTrans" =  "06"	[MsgId: MMSG-13992]
Pass.c(3): Notify: Transaction "Trans06" started.	[MsgId: MMSG-16999]
Pass.c(4): lr_think_time: 2.55 seconds (recorded think time was 2.00 seconds).	[MsgId: MMSG-15947]
Ending action Pass.	[MsgId: MMSG-15918]
Starting action Fail.	[MsgId: MMSG-15919]
Fail.c(3): Notify: Parameter Substitution: parameter "rndTrans" =  "06"	[MsgId: MMSG-13992]
Fail.c(3): Notify: Transaction "Trans06" started.	[MsgId: MMSG-16999]
Fail.c(4): lr_think_time: 1.29 seconds (recorded think time was 2.00 seconds).	[MsgId: MMSG-15947]
Pass.c(5): Notify: Parameter Substitution: parameter "rndTrans" =  "06"	[MsgId: MMSG-13992]
Pass.c(5): Notify: Transaction "Trans06" ended with a "Pass" status (Duration: 2.5466 Think Time: 2.5463).	[MsgId: MMSG-16872]
Pass.c(7): lr_think_time: 1.32 seconds (recorded think time was 2.00 seconds).	[MsgId: MMSG-15947]
Fail.c(5): Notify: Parameter Substitution: parameter "rndTrans" =  "06"	[MsgId: MMSG-13992]
Fail.c(5): Notify: Transaction "Trans06" ended with a "Fail" status (Duration: 1.2858 Think Time: 1.2855).	[MsgId: MMSG-16872]
Fail.c(5): Notify: Transaction "Trans06" has 0 error message(s).	[MsgId: MMSG-16818]
Fail.c(7): lr_think_time: 2.59 seconds (recorded think time was 2.00 seconds).	[MsgId: MMSG-15947]
Ending action Pass.	[MsgId: MMSG-15918]
Starting action Fail.	[MsgId: MMSG-15919]
Fail.c(3): Notify: Parameter Substitution: parameter "rndTrans" =  "06"	[MsgId: MMSG-13992]
Fail.c(3): Notify: Transaction "Trans06" started.	[MsgId: MMSG-16999]
Fail.c(4): lr_think_time: 1.40 seconds (recorded think time was 2.00 seconds).	[MsgId: MMSG-15947]
Fail.c(5): Notify: Parameter Substitution: parameter "rndTrans" =  "06"	[MsgId: MMSG-13992]
Fail.c(5): Notify: Transaction "Trans06" ended with a "Fail" status (Duration: 1.4008 Think Time: 1.4005).	[MsgId: MMSG-16872]
Fail.c(5): Notify: Transaction "Trans06" has 0 error message(s).	[MsgId: MMSG-16818]
Fail.c(7): lr_think_time: 2.19 seconds (recorded think time was 2.00 seconds).	[MsgId: MMSG-15947]
Ending action Fail.	[MsgId: MMSG-15918]
Ending iteration 20.	[MsgId: MMSG-15965]
Starting iteration 21.	[MsgId: MMSG-15968]
Starting action Pass.	[MsgId: MMSG-15919]
Pass.c(3): Notify: Parameter Substitution: parameter "rndTrans" =  "03"	[MsgId: MMSG-13992]
Pass.c(3): Notify: Transaction "Trans03" started.	[MsgId: MMSG-16999]
Pass.c(4): lr_think_time: 2.41 seconds (recorded think time was 2.00 seconds).	[MsgId: MMSG-15947]
Ending action Fail.	[MsgId: MMSG-15918]
Ending iteration 21.	[MsgId: MMSG-15965]
Starting iteration 22.	[MsgId: MMSG-15968]
Starting action Pass.	[MsgId: MMSG-15919]
Pass.c(3): Notify: Parameter Substitution: parameter "rndTrans" =  "10"	[MsgId: MMSG-13992]
Pass.c(3): Notify: Transaction "Trans10" started.	[MsgId: MMSG-16999]
Pass.c(4): lr_think_time: 1.98 seconds (recorded think time was 2.00 seconds).	[MsgId: MMSG-15947]
Pass.c(5): Notify: Parameter Substitution: parameter "rndTrans" =  "03"	[MsgId: MMSG-13992]
Pass.c(5): Notify: Transaction "Trans03" ended with a "Pass" status (Duration: 2.4089 Think Time: 2.4086).	[MsgId: MMSG-16872]
Pass.c(7): lr_think_time: 2.63 seconds (recorded think time was 2.00 seconds).	[MsgId: MMSG-15947]
Pass.c(5): Notify: Parameter Substitution: parameter "rndTrans" =  "10"	[MsgId: MMSG-13992]
Pass.c(5): Notify: Transaction "Trans10" ended with a "Pass" status (Duration: 1.9766 Think Time: 1.9763).	[MsgId: MMSG-16872]
Pass.c(7): lr_think_time: 2.65 seconds (recorded think time was 2.00 seconds).	[MsgId: MMSG-15947]
Ending action Pass.	[MsgId: MMSG-15918]
Starting action Fail.	[MsgId: MMSG-15919]
Fail.c(3): Notify: Parameter Substitution: parameter "rndTrans" =  "03"	[MsgId: MMSG-13992]
Fail.c(3): Notify: Transaction "Trans03" started.	[MsgId: MMSG-16999]
Fail.c(4): lr_think_time: 2.37 seconds (recorded think time was 2.00 seconds).	[MsgId: MMSG-15947]
Ending action Pass.	[MsgId: MMSG-15918]
Starting action Fail.	[MsgId: MMSG-15919]
Fail.c(3): Notify: Parameter Substitution: parameter "rndTrans" =  "10"	[MsgId: MMSG-13992]
Fail.c(3): Notify: Transaction "Trans10" started.	[MsgId: MMSG-16999]
Fail.c(4): lr_think_time: 1.82 seconds (recorded think time was 2.00 seconds).	[MsgId: MMSG-15947]
Fail.c(5): Notify: Parameter Substitution: parameter "rndTrans" =  "03"	[MsgId: MMSG-13992]
Fail.c(5): Notify: Transaction "Trans03" ended with a "Fail" status (Duration: 2.3649 Think Time: 2.3646).	[MsgId: MMSG-16872]
Fail.c(5): Notify: Transaction "Trans03" has 0 error message(s).	[MsgId: MMSG-16818]
Fail.c(7): lr_think_time: 1.84 seconds (recorded think time was 2.00 seconds).	[MsgId: MMSG-15947]
Fail.c(5): Notify: Parameter Substitution: parameter "rndTrans" =  "10"	[MsgId: MMSG-13992]
Fail.c(5): Notify: Transaction "Trans10" ended with a "Fail" status (Duration: 1.8171 Think Time: 1.8169).	[MsgId: MMSG-16872]
Fail.c(5): Notify: Transaction "Trans10" has 0 error message(s).	[MsgId: MMSG-16818]
Fail.c(7): lr_think_time: 2.32 seconds (recorded think time was 2.00 seconds).	[MsgId: MMSG-15947]
Ending action Fail.	[MsgId: MMSG-15918]
Ending iteration 21.	[MsgId: MMSG-15965]
Starting iteration 22.	[MsgId: MMSG-15968]
Starting action Pass.	[MsgId: MMSG-15919]
Pass.c(3): Notify: Parameter Substitution: parameter "rndTrans" =  "05"	[MsgId: MMSG-13992]
Pass.c(3): Notify: Transaction "Trans05" started.	[MsgId: MMSG-16999]
Pass.c(4): lr_think_time: 2.58 seconds (recorded think time was 2.00 seconds).	[MsgId: MMSG-15947]
Ending action Fail.	[MsgId: MMSG-15918]
Ending iteration 22.	[MsgId: MMSG-15965]
Starting iteration 23.	[MsgId: MMSG-15968]
Starting action Pass.	[MsgId: MMSG-15919]
Pass.c(3): Notify: Parameter Substitution: parameter "rndTrans" =  "10"	[MsgId: MMSG-13992]
Pass.c(3): Notify: Transaction "Trans10" started.	[MsgId: MMSG-16999]
Pass.c(4): lr_think_time: 1.51 seconds (recorded think time was 2.00 seconds).	[MsgId: MMSG-15947]
Pass.c(5): Notify: Parameter Substitution: parameter "rndTrans" =  "05"	[MsgId: MMSG-13992]
Pass.c(5): Notify: Transaction "Trans05" ended with a "Pass" status (Duration: 2.5837 Think Time: 2.5832).	[MsgId: MMSG-16872]
Pass.c(7): lr_think_time: 2.45 seconds (recorded think time was 2.00 seconds).	[MsgId: MMSG-15947]
Pass.c(5): Notify: Parameter Substitution: parameter "rndTrans" =  "10"	[MsgId: MMSG-13992]
Pass.c(5): Notify: Transaction "Trans10" ended with a "Pass" status (Duration: 1.5085 Think Time: 1.5082).	[MsgId: MMSG-16872]
Pass.c(7): lr_think_time: 2.98 seconds (recorded think time was 2.00 seconds).	[MsgId: MMSG-15947]
Ending action Pass.	[MsgId: MMSG-15918]
Starting action Fail.	[MsgId: MMSG-15919]
Fail.c(3): Notify: Parameter Substitution: parameter "rndTrans" =  "05"	[MsgId: MMSG-13992]
Fail.c(3): Notify: Transaction "Trans05" started.	[MsgId: MMSG-16999]
Fail.c(4): lr_think_time: 1.30 seconds (recorded think time was 2.00 seconds).	[MsgId: MMSG-15947]
Ending action Pass.	[MsgId: MMSG-15918]
Starting action Fail.	[MsgId: MMSG-15919]
Fail.c(3): Notify: Parameter Substitution: parameter "rndTrans" =  "10"	[MsgId: MMSG-13992]
Fail.c(3): Notify: Transaction "Trans10" started.	[MsgId: MMSG-16999]
Fail.c(4): lr_think_time: 1.47 seconds (recorded think time was 2.00 seconds).	[MsgId: MMSG-15947]
Fail.c(5): Notify: Parameter Substitution: parameter "rndTrans" =  "05"	[MsgId: MMSG-13992]
Fail.c(5): Notify: Transaction "Trans05" ended with a "Fail" status (Duration: 1.3018 Think Time: 1.3015).	[MsgId: MMSG-16872]
Fail.c(5): Notify: Transaction "Trans05" has 0 error message(s).	[MsgId: MMSG-16818]
Fail.c(7): lr_think_time: 2.24 seconds (recorded think time was 2.00 seconds).	[MsgId: MMSG-15947]
Fail.c(5): Notify: Parameter Substitution: parameter "rndTrans" =  "10"	[MsgId: MMSG-13992]
Fail.c(5): Notify: Transaction "Trans10" ended with a "Fail" status (Duration: 1.4659 Think Time: 1.4656).	[MsgId: MMSG-16872]
Fail.c(5): Notify: Transaction "Trans10" has 0 error message(s).	[MsgId: MMSG-16818]
Fail.c(7): lr_think_time: 1.57 seconds (recorded think time was 2.00 seconds).	[MsgId: MMSG-15947]
Ending action Fail.	[MsgId: MMSG-15918]
Ending iteration 22.	[MsgId: MMSG-15965]
Starting iteration 23.	[MsgId: MMSG-15968]
Starting action Pass.	[MsgId: MMSG-15919]
Pass.c(3): Notify: Parameter Substitution: parameter "rndTrans" =  "05"	[MsgId: MMSG-13992]
Pass.c(3): Notify: Transaction "Trans05" started.	[MsgId: MMSG-16999]
Pass.c(4): lr_think_time: 1.42 seconds (recorded think time was 2.00 seconds).	[MsgId: MMSG-15947]
Ending action Fail.	[MsgId: MMSG-15918]
Ending iteration 23.	[MsgId: MMSG-15965]
Starting iteration 24.	[MsgId: MMSG-15968]
Starting action Pass.	[MsgId: MMSG-15919]
Pass.c(3): Notify: Parameter Substitution: parameter "rndTrans" =  "09"	[MsgId: MMSG-13992]
Pass.c(3): Notify: Transaction "Trans09" started.	[MsgId: MMSG-16999]
Pass.c(4): lr_think_time: 2.34 seconds (recorded think time was 2.00 seconds).	[MsgId: MMSG-15947]
Pass.c(5): Notify: Parameter Substitution: parameter "rndTrans" =  "05"	[MsgId: MMSG-13992]
Pass.c(5): Notify: Transaction "Trans05" ended with a "Pass" status (Duration: 1.4165 Think Time: 1.4162).	[MsgId: MMSG-16872]
Pass.c(7): lr_think_time: 1.29 seconds (recorded think time was 2.00 seconds).	[MsgId: MMSG-15947]
Ending action Pass.	[MsgId: MMSG-15918]
Starting action Fail.	[MsgId: MMSG-15919]
Fail.c(3): Notify: Parameter Substitution: parameter "rndTrans" =  "05"	[MsgId: MMSG-13992]
Fail.c(3): Notify: Transaction "Trans05" started.	[MsgId: MMSG-16999]
Fail.c(4): lr_think_time: 2.47 seconds (recorded think time was 2.00 seconds).	[MsgId: MMSG-15947]
Pass.c(5): Notify: Parameter Substitution: parameter "rndTrans" =  "09"	[MsgId: MMSG-13992]
Pass.c(5): Notify: Transaction "Trans09" ended with a "Pass" status (Duration: 2.3384 Think Time: 2.3382).	[MsgId: MMSG-16872]
Pass.c(7): lr_think_time: 1.42 seconds (recorded think time was 2.00 seconds).	[MsgId: MMSG-15947]
Ending action Pass.	[MsgId: MMSG-15918]
Starting action Fail.	[MsgId: MMSG-15919]
Fail.c(3): Notify: Parameter Substitution: parameter "rndTrans" =  "09"	[MsgId: MMSG-13992]
Fail.c(3): Notify: Transaction "Trans09" started.	[MsgId: MMSG-16999]
Fail.c(4): lr_think_time: 1.60 seconds (recorded think time was 2.00 seconds).	[MsgId: MMSG-15947]
Fail.c(5): Notify: Parameter Substitution: parameter "rndTrans" =  "05"	[MsgId: MMSG-13992]
Fail.c(5): Notify: Transaction "Trans05" ended with a "Fail" status (Duration: 2.4659 Think Time: 2.4656).	[MsgId: MMSG-16872]
Fail.c(5): Notify: Transaction "Trans05" has 0 error message(s).	[MsgId: MMSG-16818]
Fail.c(7): lr_think_time: 2.11 seconds (recorded think time was 2.00 seconds).	[MsgId: MMSG-15947]
Fail.c(5): Notify: Parameter Substitution: parameter "rndTrans" =  "09"	[MsgId: MMSG-13992]
Fail.c(5): Notify: Transaction "Trans09" ended with a "Fail" status (Duration: 1.5978 Think Time: 1.5975).	[MsgId: MMSG-16872]
Fail.c(5): Notify: Transaction "Trans09" has 0 error message(s).	[MsgId: MMSG-16818]
Fail.c(7): lr_think_time: 1.93 seconds (recorded think time was 2.00 seconds).	[MsgId: MMSG-15947]
Ending action Fail.	[MsgId: MMSG-15918]
Ending iteration 23.	[MsgId: MMSG-15965]
Starting iteration 24.	[MsgId: MMSG-15968]
Starting action Pass.	[MsgId: MMSG-15919]
Pass.c(3): Notify: Parameter Substitution: parameter "rndTrans" =  "03"	[MsgId: MMSG-13992]
Pass.c(3): Notify: Transaction "Trans03" started.	[MsgId: MMSG-16999]
Pass.c(4): lr_think_time: 2.70 seconds (recorded think time was 2.00 seconds).	[MsgId: MMSG-15947]
Ending action Fail.	[MsgId: MMSG-15918]
Ending iteration 24.	[MsgId: MMSG-15965]
Starting iteration 25.	[MsgId: MMSG-15968]
Starting action Pass.	[MsgId: MMSG-15919]
Pass.c(3): Notify: Parameter Substitution: parameter "rndTrans" =  "03"	[MsgId: MMSG-13992]
Pass.c(3): Notify: Transaction "Trans03" started.	[MsgId: MMSG-16999]
Pass.c(4): lr_think_time: 1.09 seconds (recorded think time was 2.00 seconds).	[MsgId: MMSG-15947]
Pass.c(5): Notify: Parameter Substitution: parameter "rndTrans" =  "03"	[MsgId: MMSG-13992]
Pass.c(5): Notify: Transaction "Trans03" ended with a "Pass" status (Duration: 1.0895 Think Time: 1.0892).	[MsgId: MMSG-16872]
Pass.c(7): lr_think_time: 1.94 seconds (recorded think time was 2.00 seconds).	[MsgId: MMSG-15947]
Pass.c(5): Notify: Parameter Substitution: parameter "rndTrans" =  "03"	[MsgId: MMSG-13992]
Pass.c(5): Notify: Transaction "Trans03" ended with a "Pass" status (Duration: 2.6996 Think Time: 2.6993).	[MsgId: MMSG-16872]
Pass.c(7): lr_think_time: 1.31 seconds (recorded think time was 2.00 seconds).	[MsgId: MMSG-15947]
Ending action Pass.	[MsgId: MMSG-15918]
Starting action Fail.	[MsgId: MMSG-15919]
Fail.c(3): Notify: Parameter Substitution: parameter "rndTrans" =  "03"	[MsgId: MMSG-13992]
Fail.c(3): Notify: Transaction "Trans03" started.	[MsgId: MMSG-16999]
Fail.c(4): lr_think_time: 1.28 seconds (recorded think time was 2.00 seconds).	[MsgId: MMSG-15947]
Ending action Pass.	[MsgId: MMSG-15918]
Starting action Fail.	[MsgId: MMSG-15919]
Fail.c(3): Notify: Parameter Substitution: parameter "rndTrans" =  "03"	[MsgId: MMSG-13992]
Fail.c(3): Notify: Transaction "Trans03" started.	[MsgId: MMSG-16999]
Fail.c(4): lr_think_time: 1.69 seconds (recorded think time was 2.00 seconds).	[MsgId: MMSG-15947]
Fail.c(5): Notify: Parameter Substitution: parameter "rndTrans" =  "03"	[MsgId: MMSG-13992]
Fail.c(5): Notify: Transaction "Trans03" ended with a "Fail" status (Duration: 1.2768 Think Time: 1.2765).	[MsgId: MMSG-16872]
Fail.c(5): Notify: Transaction "Trans03" has 0 error message(s).	[MsgId: MMSG-16818]
Fail.c(7): lr_think_time: 1.68 seconds (recorded think time was 2.00 seconds).	[MsgId: MMSG-15947]
Fail.c(5): Notify: Parameter Substitution: parameter "rndTrans" =  "03"	[MsgId: MMSG-13992]
Fail.c(5): Notify: Transaction "Trans03" ended with a "Fail" status (Duration: 1.6868 Think Time: 1.6865).	[MsgId: MMSG-16872]
Fail.c(5): Notify: Transaction "Trans03" has 0 error message(s).	[MsgId: MMSG-16818]
Fail.c(7): lr_think_time: 1.90 seconds (recorded think time was 2.00 seconds).	[MsgId: MMSG-15947]
Ending action Fail.	[MsgId: MMSG-15918]
Ending iteration 25.	[MsgId: MMSG-15965]
Starting iteration 26.	[MsgId: MMSG-15968]
Starting action Pass.	[MsgId: MMSG-15919]
Pass.c(3): Notify: Parameter Substitution: parameter "rndTrans" =  "10"	[MsgId: MMSG-13992]
Pass.c(3): Notify: Transaction "Trans10" started.	[MsgId: MMSG-16999]
Pass.c(4): lr_think_time: 2.96 seconds (recorded think time was 2.00 seconds).	[MsgId: MMSG-15947]
Ending action Fail.	[MsgId: MMSG-15918]
Ending iteration 24.	[MsgId: MMSG-15965]
Starting iteration 25.	[MsgId: MMSG-15968]
Starting action Pass.	[MsgId: MMSG-15919]
Pass.c(3): Notify: Parameter Substitution: parameter "rndTrans" =  "01"	[MsgId: MMSG-13992]
Pass.c(3): Notify: Transaction "Trans01" started.	[MsgId: MMSG-16999]
Pass.c(4): lr_think_time: 2.09 seconds (recorded think time was 2.00 seconds).	[MsgId: MMSG-15947]
Pass.c(5): Notify: Parameter Substitution: parameter "rndTrans" =  "10"	[MsgId: MMSG-13992]
Pass.c(5): Notify: Transaction "Trans10" ended with a "Pass" status (Duration: 2.9646 Think Time: 2.9643).	[MsgId: MMSG-16872]
Pass.c(7): lr_think_time: 1.62 seconds (recorded think time was 2.00 seconds).	[MsgId: MMSG-15947]
Pass.c(5): Notify: Parameter Substitution: parameter "rndTrans" =  "01"	[MsgId: MMSG-13992]
Pass.c(5): Notify: Transaction "Trans01" ended with a "Pass" status (Duration: 2.0935 Think Time: 2.0932).	[MsgId: MMSG-16872]
Pass.c(7): lr_think_time: 2.01 seconds (recorded think time was 2.00 seconds).	[MsgId: MMSG-15947]
Ending action Pass.	[MsgId: MMSG-15918]
Starting action Fail.	[MsgId: MMSG-15919]
Fail.c(3): Notify: Parameter Substitution: parameter "rndTrans" =  "10"	[MsgId: MMSG-13992]
Fail.c(3): Notify: Transaction "Trans10" started.	[MsgId: MMSG-16999]
Fail.c(4): lr_think_time: 2.56 seconds (recorded think time was 2.00 seconds).	[MsgId: MMSG-15947]
Ending action Pass.	[MsgId: MMSG-15918]
Starting action Fail.	[MsgId: MMSG-15919]
Fail.c(3): Notify: Parameter Substitution: parameter "rndTrans" =  "01"	[MsgId: MMSG-13992]
Fail.c(3): Notify: Transaction "Trans01" started.	[MsgId: MMSG-16999]
Fail.c(4): lr_think_time: 1.33 seconds (recorded think time was 2.00 seconds).	[MsgId: MMSG-15947]
Fail.c(5): Notify: Parameter Substitution: parameter "rndTrans" =  "01"	[MsgId: MMSG-13992]
Fail.c(5): Notify: Transaction "Trans01" ended with a "Fail" status (Duration: 1.3298 Think Time: 1.3295).	[MsgId: MMSG-16872]
Fail.c(5): Notify: Transaction "Trans01" has 0 error message(s).	[MsgId: MMSG-16818]
Fail.c(7): lr_think_time: 2.33 seconds (recorded think time was 2.00 seconds).	[MsgId: MMSG-15947]
Fail.c(5): Notify: Parameter Substitution: parameter "rndTrans" =  "10"	[MsgId: MMSG-13992]
Fail.c(5): Notify: Transaction "Trans10" ended with a "Fail" status (Duration: 2.5548 Think Time: 2.5545).	[MsgId: MMSG-16872]
Fail.c(5): Notify: Transaction "Trans10" has 0 error message(s).	[MsgId: MMSG-16818]
Fail.c(7): lr_think_time: 2.68 seconds (recorded think time was 2.00 seconds).	[MsgId: MMSG-15947]
Ending action Fail.	[MsgId: MMSG-15918]
Ending iteration 25.	[MsgId: MMSG-15965]
Starting iteration 26.	[MsgId: MMSG-15968]
Starting action Pass.	[MsgId: MMSG-15919]
Pass.c(3): Notify: Parameter Substitution: parameter "rndTrans" =  "09"	[MsgId: MMSG-13992]
Pass.c(3): Notify: Transaction "Trans09" started.	[MsgId: MMSG-16999]
Pass.c(4): lr_think_time: 2.38 seconds (recorded think time was 2.00 seconds).	[MsgId: MMSG-15947]
Ending action Fail.	[MsgId: MMSG-15918]
Ending iteration 26.	[MsgId: MMSG-15965]
Starting iteration 27.	[MsgId: MMSG-15968]
Starting action Pass.	[MsgId: MMSG-15919]
Pass.c(3): Notify: Parameter Substitution: parameter "rndTrans" =  "06"	[MsgId: MMSG-13992]
Pass.c(3): Notify: Transaction "Trans06" started.	[MsgId: MMSG-16999]
Pass.c(4): lr_think_time: 2.73 seconds (recorded think time was 2.00 seconds).	[MsgId: MMSG-15947]
Pass.c(5): Notify: Parameter Substitution: parameter "rndTrans" =  "09"	[MsgId: MMSG-13992]
Pass.c(5): Notify: Transaction "Trans09" ended with a "Pass" status (Duration: 2.3836 Think Time: 2.3833).	[MsgId: MMSG-16872]
Pass.c(7): lr_think_time: 2.08 seconds (recorded think time was 2.00 seconds).	[MsgId: MMSG-15947]
Pass.c(5): Notify: Parameter Substitution: parameter "rndTrans" =  "06"	[MsgId: MMSG-13992]
Pass.c(5): Notify: Transaction "Trans06" ended with a "Pass" status (Duration: 2.7336 Think Time: 2.7333).	[MsgId: MMSG-16872]
Pass.c(7): lr_think_time: 2.01 seconds (recorded think time was 2.00 seconds).	[MsgId: MMSG-15947]
Ending action Pass.	[MsgId: MMSG-15918]
Starting action Fail.	[MsgId: MMSG-15919]
Fail.c(3): Notify: Parameter Substitution: parameter "rndTrans" =  "09"	[MsgId: MMSG-13992]
Fail.c(3): Notify: Transaction "Trans09" started.	[MsgId: MMSG-16999]
Fail.c(4): lr_think_time: 2.89 seconds (recorded think time was 2.00 seconds).	[MsgId: MMSG-15947]
Ending action Pass.	[MsgId: MMSG-15918]
Starting action Fail.	[MsgId: MMSG-15919]
Fail.c(3): Notify: Parameter Substitution: parameter "rndTrans" =  "06"	[MsgId: MMSG-13992]
Fail.c(3): Notify: Transaction "Trans06" started.	[MsgId: MMSG-16999]
Fail.c(4): lr_think_time: 1.08 seconds (recorded think time was 2.00 seconds).	[MsgId: MMSG-15947]
Fail.c(5): Notify: Parameter Substitution: parameter "rndTrans" =  "06"	[MsgId: MMSG-13992]
Fail.c(5): Notify: Transaction "Trans06" ended with a "Fail" status (Duration: 1.0777 Think Time: 1.0775).	[MsgId: MMSG-16872]
Fail.c(5): Notify: Transaction "Trans06" has 0 error message(s).	[MsgId: MMSG-16818]
Fail.c(7): lr_think_time: 2.71 seconds (recorded think time was 2.00 seconds).	[MsgId: MMSG-15947]
Fail.c(5): Notify: Parameter Substitution: parameter "rndTrans" =  "09"	[MsgId: MMSG-13992]
Fail.c(5): Notify: Transaction "Trans09" ended with a "Fail" status (Duration: 2.8859 Think Time: 2.8856).	[MsgId: MMSG-16872]
Fail.c(5): Notify: Transaction "Trans09" has 0 error message(s).	[MsgId: MMSG-16818]
Fail.c(7): lr_think_time: 1.23 seconds (recorded think time was 2.00 seconds).	[MsgId: MMSG-15947]
Ending action Fail.	[MsgId: MMSG-15918]
Action was aborted.	[MsgId: MMSG-10694]
Ending Vuser...	[MsgId: MMSG-15966]
Starting action vuser_end.	[MsgId: MMSG-15919]
Ending action vuser_end.	[MsgId: MMSG-15918]
Vuser Terminated.	[MsgId: MMSG-15963]
Vuser 0 (thread 10408), ended OK."	[MsgId: MMSG-10695]
Ending action Fail.	[MsgId: MMSG-15918]
Action was aborted.	[MsgId: MMSG-10694]
Ending Vuser...	[MsgId: MMSG-15966]
Starting action vuser_end.	[MsgId: MMSG-15919]
Ending action vuser_end.	[MsgId: MMSG-15918]
Vuser Terminated.	[MsgId: MMSG-15963]
Vuser 1 (thread 12140), ended OK."	[MsgId: MMSG-10695]
